[2025-09-07 08:35:19] [INFO] === TERMINAL ERROR AUTO-FIXER STARTED ===
[2025-09-07 08:35:19] [INFO] Starting comprehensive terminal error analysis...
[2025-09-07 08:35:19] [INFO] Checking for missing dependencies...
[2025-09-07 08:35:19] [WARNING] Ollama is not installed - this may cause 404 errors
[2025-09-07 08:35:20] [INFO] Scanning for problematic files...
[2025-09-07 08:35:21] [INFO] Checking script: COMPLETE_FINANCIAL_EXTRACTION.ps1
[2025-09-07 08:35:21] [INFO] Checking PowerShell syntax for: C:\Users\Muddm\Downloads\COMPLETE_FINANCIAL_EXTRACTION.ps1
[2025-09-07 08:35:21] [WARNING] Found 5 syntax errors in C:\Users\Muddm\Downloads\COMPLETE_FINANCIAL_EXTRACTION.ps1
[2025-09-07 08:35:21] [ERROR] Line 33: Array index expression is missing or not valid.
[2025-09-07 08:35:21] [ERROR] Line 142: Unexpected token 'files' in expression or statement.
[2025-09-07 08:35:21] [ERROR] Line 142: Missing closing ')' in expression.
[2025-09-07 08:35:21] [ERROR] Line 142: Unexpected token ')' in expression or statement.
[2025-09-07 08:35:21] [ERROR] Line 142: The string is missing the terminator: ".
[2025-09-07 08:35:21] [INFO] Checking script: COMPLETE_PROJECT_AUTOMATION.ps1
[2025-09-07 08:35:21] [INFO] Checking PowerShell syntax for: C:\Users\Muddm\Downloads\COMPLETE_PROJECT_AUTOMATION.ps1
[2025-09-07 08:35:21] [WARNING] Found 93 syntax errors in C:\Users\Muddm\Downloads\COMPLETE_PROJECT_AUTOMATION.ps1
[2025-09-07 08:35:21] [ERROR] Line 90: Array index expression is missing or not valid.
[2025-09-07 08:35:21] [ERROR] Line 369: You must provide a value expression following the '*' operator.
[2025-09-07 08:35:21] [ERROR] Line 369: You must provide a value expression following the '*' operator.
[2025-09-07 08:35:21] [ERROR] Line 369: Unexpected token 'Call' in expression or statement.
[2025-09-07 08:35:21] [ERROR] Line 370: You must provide a value expression following the '*' operator.
[2025-09-07 08:35:21] [ERROR] Line 370: You must provide a value expression following the '*' operator.
[2025-09-07 08:35:21] [ERROR] Line 370: Unexpected token 'Call' in expression or statement.
[2025-09-07 08:35:21] [ERROR] Line 371: You must provide a value expression following the '*' operator.
[2025-09-07 08:35:21] [ERROR] Line 371: You must provide a value expression following the '*' operator.
[2025-09-07 08:35:21] [ERROR] Line 371: Unexpected token 'Review' in expression or statement.
[2025-09-07 08:35:21] [ERROR] Line 372: You must provide a value expression following the '*' operator.
[2025-09-07 08:35:21] [ERROR] Line 372: You must provide a value expression following the '*' operator.
[2025-09-07 08:35:21] [ERROR] Line 372: Unexpected token 'Organize' in expression or statement.
[2025-09-07 08:35:21] [ERROR] Line 375: Missing expression after unary operator '-'.
[2025-09-07 08:35:21] [ERROR] Line 375: Unexpected token 'Professional' in expression or statement.
[2025-09-07 08:35:21] [ERROR] Line 376: Missing expression after unary operator '-'.
[2025-09-07 08:35:21] [ERROR] Line 376: Unexpected token 'Financial' in expression or statement.
[2025-09-07 08:35:21] [ERROR] Line 377: Missing expression after unary operator '-'.
[2025-09-07 08:35:21] [ERROR] Line 377: Unexpected token 'Evidence' in expression or statement.
[2025-09-07 08:35:21] [ERROR] Line 380: Missing expression after unary operator '-'.
[2025-09-07 08:35:21] [ERROR] Line 380: You must provide a value expression following the '*' operator.
[2025-09-07 08:35:21] [ERROR] Line 380: You must provide a value expression following the '*' operator.
[2025-09-07 08:35:21] [ERROR] Line 380: Unexpected token 'Criminal' in expression or statement.
[2025-09-07 08:35:21] [ERROR] Line 381: Missing expression after unary operator '-'.
[2025-09-07 08:35:21] [ERROR] Line 381: You must provide a value expression following the '*' operator.
[2025-09-07 08:35:21] [ERROR] Line 381: You must provide a value expression following the '*' operator.
[2025-09-07 08:35:21] [ERROR] Line 381: Unexpected token 'Civil' in expression or statement.
[2025-09-07 08:35:21] [ERROR] Line 382: Missing expression after unary operator '-'.
[2025-09-07 08:35:21] [ERROR] Line 382: You must provide a value expression following the '*' operator.
[2025-09-07 08:35:21] [ERROR] Line 382: You must provide a value expression following the '*' operator.
[2025-09-07 08:35:21] [ERROR] Line 382: Unexpected token 'Court' in expression or statement.
[2025-09-07 08:35:21] [ERROR] Line 387: Missing expression after unary operator '-'.
[2025-09-07 08:35:21] [ERROR] Line 387: Unexpected token 'Manual' in expression or statement.
[2025-09-07 08:35:21] [ERROR] Line 388: Missing expression after unary operator '-'.
[2025-09-07 08:35:21] [ERROR] Line 388: Unexpected token 'Unknown' in expression or statement.
[2025-09-07 08:35:21] [ERROR] Line 389: Missing expression after unary operator '-'.
[2025-09-07 08:35:21] [ERROR] Line 389: Unexpected token 'Time-intensive' in expression or statement.
[2025-09-07 08:35:21] [ERROR] Line 390: Missing expression after unary operator '-'.
[2025-09-07 08:35:21] [ERROR] Line 390: Unexpected token 'Uncertain' in expression or statement.
[2025-09-07 08:35:21] [ERROR] Line 393: Missing expression after unary operator '-'.
[2025-09-07 08:35:21] [ERROR] Line 393: Unexpected token 'Complete' in expression or statement.
[2025-09-07 08:35:21] [ERROR] Line 394: Missing expression after unary operator '-'.
[2025-09-07 08:35:21] [ERROR] Line 394: Unexpected token 'Quantified' in expression or statement.
[2025-09-07 08:35:21] [ERROR] Line 395: Missing expression after unary operator '-'.
[2025-09-07 08:35:21] [ERROR] Line 395: Unexpected token 'Organized' in expression or statement.
[2025-09-07 08:35:21] [ERROR] Line 396: Missing expression after unary operator '-'.
[2025-09-07 08:35:21] [ERROR] Line 396: Unexpected token 'Professional' in expression or statement.
[2025-09-07 08:35:21] [ERROR] Line 401: Missing expression after unary operator '-'.
[2025-09-07 08:35:21] [ERROR] Line 401: You must provide a value expression following the '*' operator.
[2025-09-07 08:35:22] [ERROR] Line 401: You must provide a value expression following the '*' operator.
[2025-09-07 08:35:22] [ERROR] Line 401: Unexpected token 'Conservative' in expression or statement.
[2025-09-07 08:35:22] [ERROR] Line 401: You must provide a value expression following the '%' operator.
[2025-09-07 08:35:22] [ERROR] Line 402: Missing expression after unary operator '-'.
[2025-09-07 08:35:22] [ERROR] Line 402: You must provide a value expression following the '*' operator.
[2025-09-07 08:35:22] [ERROR] Line 402: You must provide a value expression following the '*' operator.
[2025-09-07 08:35:22] [ERROR] Line 402: Unexpected token 'Moderate' in expression or statement.
[2025-09-07 08:35:22] [ERROR] Line 402: You must provide a value expression following the '%' operator.
[2025-09-07 08:35:22] [ERROR] Line 403: Missing expression after unary operator '-'.
[2025-09-07 08:35:22] [ERROR] Line 403: You must provide a value expression following the '*' operator.
[2025-09-07 08:35:22] [ERROR] Line 403: You must provide a value expression following the '*' operator.
[2025-09-07 08:35:22] [ERROR] Line 403: Unexpected token 'Aggressive' in expression or statement.
[2025-09-07 08:35:22] [ERROR] Line 403: You must provide a value expression following the '%' operator.
[2025-09-07 08:35:22] [ERROR] Line 406: Missing expression after unary operator '-'.
[2025-09-07 08:35:22] [ERROR] Line 406: You must provide a value expression following the '*' operator.
[2025-09-07 08:35:22] [ERROR] Line 406: You must provide a value expression following the '*' operator.
[2025-09-07 08:35:22] [ERROR] Line 406: Unexpected token 'Audio' in expression or statement.
[2025-09-07 08:35:22] [ERROR] Line 407: Missing expression after unary operator '-'.
[2025-09-07 08:35:22] [ERROR] Line 407: You must provide a value expression following the '*' operator.
[2025-09-07 08:35:22] [ERROR] Line 407: You must provide a value expression following the '*' operator.
[2025-09-07 08:35:22] [ERROR] Line 407: Unexpected token 'Video' in expression or statement.
[2025-09-07 08:35:22] [ERROR] Line 408: Missing expression after unary operator '-'.
[2025-09-07 08:35:22] [ERROR] Line 408: You must provide a value expression following the '*' operator.
[2025-09-07 08:35:22] [ERROR] Line 408: You must provide a value expression following the '*' operator.
[2025-09-07 08:35:22] [ERROR] Line 408: Unexpected token 'Documentation:**' in expression or statement.
[2025-09-07 08:35:22] [ERROR] Line 414: Missing expression after unary operator '-'.
[2025-09-07 08:35:22] [ERROR] Line 414: Unexpected token '01_FINANCIAL_ANALYSIS:' in expression or statement.
[2025-09-07 08:35:22] [ERROR] Line 415: Missing expression after unary operator '-'.
[2025-09-07 08:35:22] [ERROR] Line 415: Unexpected token '02_CRIMINAL_EVIDENCE:' in expression or statement.
[2025-09-07 08:35:22] [ERROR] Line 416: Missing expression after unary operator '-'.
[2025-09-07 08:35:22] [ERROR] Line 416: Unexpected token '03_CIVIL_LAWSUIT:' in expression or statement.
[2025-09-07 08:35:22] [ERROR] Line 417: Missing expression after unary operator '-'.
[2025-09-07 08:35:22] [ERROR] Line 417: Unexpected token '04_COURT_PREPARATION:' in expression or statement.
[2025-09-07 08:35:22] [ERROR] Line 418: Missing expression after unary operator '-'.
[2025-09-07 08:35:22] [ERROR] Line 418: Unexpected token '05_PROFESSIONAL_SERVICES:' in expression or statement.
[2025-09-07 08:35:22] [ERROR] Line 419: Missing expression after unary operator '-'.
[2025-09-07 08:35:22] [ERROR] Line 419: Unexpected token '06_AUTOMATED_REPORTS:' in expression or statement.
[2025-09-07 08:35:22] [ERROR] Line 420: Missing expression after unary operator '-'.
[2025-09-07 08:35:22] [ERROR] Line 420: Unexpected token '07_EVIDENCE_INVENTORY:' in expression or statement.
[2025-09-07 08:35:22] [ERROR] Line 421: Missing expression after unary operator '-'.
[2025-09-07 08:35:22] [ERROR] Line 421: Unexpected token '08_LEGAL_FILINGS:' in expression or statement.
[2025-09-07 08:35:22] [ERROR] Line 433: Unexpected token '$BaseDir\MASTER_AUTOMATION_SUMMARY.md" -Encoding UTF8

# Final completion message
Write-Host "===============================================" -ForegroundColor Yellow
Write-Host "üèÜ' in expression or statement.
[2025-09-07 08:35:22] [ERROR] Line 433: Unexpected token '\MASTER_AUTOMATION_SUMMARY.md" -Encoding UTF8

# Final completion message
Write-Host "===============================================" -ForegroundColor Yellow
Write-Host "üèÜ' in expression or statement.
[2025-09-07 08:35:22] [ERROR] Line 454: The string is missing the terminator: ".
[2025-09-07 08:35:22] [INFO] Checking script: evidence_analysis_automation.ps1
[2025-09-07 08:35:22] [INFO] Checking PowerShell syntax for: C:\Users\Muddm\Downloads\evidence_analysis_automation.ps1
[2025-09-07 08:35:22] [WARNING] Found 2 syntax errors in C:\Users\Muddm\Downloads\evidence_analysis_automation.ps1
[2025-09-07 08:35:22] [ERROR] Line 37: Unexpected token '}' in expression or statement.
[2025-09-07 08:35:22] [ERROR] Line 313: The string is missing the terminator: ".
[2025-09-07 08:35:22] [INFO] Checking script: EXECUTE_LEGAL_STRATEGY.ps1
[2025-09-07 08:35:22] [INFO] Checking PowerShell syntax for: C:\Users\Muddm\Downloads\EXECUTE_LEGAL_STRATEGY.ps1
[2025-09-07 08:35:22] [WARNING] Found 149 syntax errors in C:\Users\Muddm\Downloads\EXECUTE_LEGAL_STRATEGY.ps1
[2025-09-07 08:35:22] [ERROR] Line 255: Missing argument in parameter list.
[2025-09-07 08:35:22] [ERROR] Line 257: Missing closing ')' in expression.
[2025-09-07 08:35:22] [ERROR] Line 261: Unexpected token ')' in expression or statement.
[2025-09-07 08:35:22] [ERROR] Line 269: Unexpected token 'Plaintiff' in expression or statement.
[2025-09-07 08:35:22] [ERROR] Line 271: Unexpected token 'Defendant' in expression or statement.
[2025-09-07 08:35:22] [ERROR] Line 273: Unexpected token 'This' in expression or statement.
[2025-09-07 08:35:22] [ERROR] Line 275: Unexpected token 'Venue' in expression or statement.
[2025-09-07 08:35:22] [ERROR] Line 279: Unexpected token 'From' in expression or statement.
[2025-09-07 08:35:22] [ERROR] Line 279: The 'from' keyword is not supported in this version of the language.
[2025-09-07 08:35:22] [ERROR] Line 281: Unexpected token 'During' in expression or statement.
[2025-09-07 08:35:23] [ERROR] Line 283: Unexpected token 'The' in expression or statement.
[2025-09-07 08:35:23] [ERROR] Line 285: Unexpected token 'Beginning' in expression or statement.
[2025-09-07 08:35:23] [ERROR] Line 291: Unexpected token 'The' in expression or statement.
[2025-09-07 08:35:23] [ERROR] Line 294: Unexpected token ')' in expression or statement.
[2025-09-07 08:35:23] [ERROR] Line 295: Unexpected token ')' in expression or statement.
[2025-09-07 08:35:23] [ERROR] Line 296: Unexpected token ')' in expression or statement.
[2025-09-07 08:35:23] [ERROR] Line 298: Unexpected token 'Plaintiff' in expression or statement.
[2025-09-07 08:35:23] [ERROR] Line 302: Unexpected token 'Defendant' in expression or statement.
[2025-09-07 08:35:23] [ERROR] Line 306: Unexpected token 'Plaintiff' in expression or statement.
[2025-09-07 08:35:23] [ERROR] Line 310: Unexpected token 'Defendant's conduct was extreme, outrageous, and beyond the bounds of human decency.

5.2 Audio recordings document systematic psychological abuse campaign.

5.3 Plaintiff has suffered severe emotional distress as evidenced by documented psychological transformation.

5.4 Plaintiff seeks compensatory damages of $500,000-$1,000,000.

COUNT IV - THEFT/CONVERSION

6.1 Defendant unlawfully converted $580,000+ in business assets and corporate resources.

6.2 Defendant exploited corporate officer position for personal financial gain.

6.3 Treble damages are available under Washington law totaling $1,740,000.

COUNT V - STALKING CIVIL DAMAGES

7.1 Screen recordings document obsessive digital surveillance constituting civil stalking.

7.2 Pattern of unwanted contact and location tracking violates privacy rights.

7.3 Plaintiff seeks civil damages for invasion of privacy and emotional distress totaling $100,000-$500,000.

IV. PRAYER FOR RELIEF

WHEREFORE, Plaintiff respectfully requests this Court:

A. Award compensatory damages in excess of $2,000,000;
B. Award treble damages on theft claims totaling $1,740,000;
C. Award punitive damages of $1,000,000;
D. Award medical privacy violation penalties totaling $100,000;
E. Award attorney fees and costs;
F. Enter permanent injunctive relief prohibiting further harassment;
G. Order asset preservation and accounting;
H. Grant such other relief as this Court deems just and proper.

DATED this 8th day of September, 2025.

                                    _____________________________
                                    William Orley Miller Jr.
                                    Pro Se Plaintiff
                                    [Your Address]
                                    [Your Phone]
                                    [Your Email]

STATE OF WASHINGTON  )
                     ) ss.
COUNTY OF SNOHOMISH  )

I, William Orley Miller Jr., declare under penalty of perjury under the laws of the State of Washington that the foregoing is true and correct.

DATED this 8th day of September, 2025.

                                    _____________________________
                                    William Orley Miller Jr.
"@

$CivilLawsuitPath = "$FilingsDir\CIVIL_LAWSUIT_COMPLAINT.txt"
$CivilLawsuit | Out-File -FilePath $CivilLawsuitPath -Encoding UTF8

Write-Host "‚úì Civil lawsuit complaint created: $CivilLawsuitPath" -ForegroundColor Blue

# PHASE 3: COURT PREPARATION
Write-Host "üèõÔ∏è PHASE 3: COURT PREPARATION" -ForegroundColor Magenta

# Court Exhibit List
$ExhibitList = @"
EXHIBIT LIST - OCTOBER 10, 2025 HEARING
MILLER v. BRIGHTWELL - CIR PROPERTY RECOVERY CASE

PLAINTIFF'S' in expression or statement.
[2025-09-07 08:35:23] [ERROR] Line 384: Unexpected token '-A' in expression or statement.
[2025-09-07 08:35:23] [ERROR] Line 384: Unexpected token ':' in expression or statement.
[2025-09-07 08:35:23] [ERROR] Line 385: Unexpected token '-B' in expression or statement.
[2025-09-07 08:35:23] [ERROR] Line 385: Unexpected token ':' in expression or statement.
[2025-09-07 08:35:23] [ERROR] Line 386: Unexpected token '-C' in expression or statement.
[2025-09-07 08:35:23] [ERROR] Line 386: Unexpected token ':' in expression or statement.
[2025-09-07 08:35:23] [ERROR] Line 387: Unexpected token '-D' in expression or statement.
[2025-09-07 08:35:23] [ERROR] Line 387: Unexpected token ':' in expression or statement.
[2025-09-07 08:35:23] [ERROR] Line 388: Unexpected token '-E' in expression or statement.
[2025-09-07 08:35:23] [ERROR] Line 388: Unexpected token ':' in expression or statement.
[2025-09-07 08:35:23] [ERROR] Line 391: Unexpected token '-A' in expression or statement.
[2025-09-07 08:35:23] [ERROR] Line 391: Unexpected token ':' in expression or statement.
[2025-09-07 08:35:23] [ERROR] Line 392: Unexpected token '-B' in expression or statement.
[2025-09-07 08:35:23] [ERROR] Line 392: Unexpected token ':' in expression or statement.
[2025-09-07 08:35:23] [ERROR] Line 392: Unexpected token 'documents' in expression or statement.
[2025-09-07 08:35:23] [ERROR] Line 392: Missing closing ')' in expression.
[2025-09-07 08:35:23] [ERROR] Line 392: Unexpected token ')' in expression or statement.
[2025-09-07 08:35:23] [ERROR] Line 393: Unexpected token '-C' in expression or statement.
[2025-09-07 08:35:23] [ERROR] Line 393: Unexpected token ':' in expression or statement.
[2025-09-07 08:35:23] [ERROR] Line 394: Unexpected token '-D' in expression or statement.
[2025-09-07 08:35:23] [ERROR] Line 394: Unexpected token ':' in expression or statement.
[2025-09-07 08:35:23] [ERROR] Line 394: Unexpected token 'total' in expression or statement.
[2025-09-07 08:35:23] [ERROR] Line 394: Missing closing ')' in expression.
[2025-09-07 08:35:23] [ERROR] Line 394: Unexpected token ')' in expression or statement.
[2025-09-07 08:35:23] [ERROR] Line 395: Unexpected token '-E' in expression or statement.
[2025-09-07 08:35:23] [ERROR] Line 395: Unexpected token ':' in expression or statement.
[2025-09-07 08:35:23] [ERROR] Line 395: Unexpected token 'verified' in expression or statement.
[2025-09-07 08:35:23] [ERROR] Line 395: Missing closing ')' in expression.
[2025-09-07 08:35:23] [ERROR] Line 395: Unexpected token ')' in expression or statement.
[2025-09-07 08:35:23] [ERROR] Line 396: You must provide a value expression following the '-F' operator.
[2025-09-07 08:35:23] [ERROR] Line 396: Unexpected token ':' in expression or statement.
[2025-09-07 08:35:23] [ERROR] Line 396: You must provide a value expression following the '+' operator.
[2025-09-07 08:35:23] [ERROR] Line 399: Unexpected token '-A' in expression or statement.
[2025-09-07 08:35:23] [ERROR] Line 399: Unexpected token ':' in expression or statement.
[2025-09-07 08:35:23] [ERROR] Line 400: Unexpected token '-B' in expression or statement.
[2025-09-07 08:35:23] [ERROR] Line 400: Unexpected token ':' in expression or statement.
[2025-09-07 08:35:23] [ERROR] Line 400: Unexpected token 'over' in expression or statement.
[2025-09-07 08:35:23] [ERROR] Line 400: Missing closing ')' in expression.
[2025-09-07 08:35:23] [ERROR] Line 400: Unexpected token ')' in expression or statement.
[2025-09-07 08:35:23] [ERROR] Line 401: Unexpected token '-C' in expression or statement.
[2025-09-07 08:35:23] [ERROR] Line 401: Unexpected token ':' in expression or statement.
[2025-09-07 08:35:23] [ERROR] Line 402: Unexpected token '-D' in expression or statement.
[2025-09-07 08:35:23] [ERROR] Line 402: Unexpected token ':' in expression or statement.
[2025-09-07 08:35:23] [ERROR] Line 403: Unexpected token '-E' in expression or statement.
[2025-09-07 08:35:24] [ERROR] Line 403: Unexpected token ':' in expression or statement.
[2025-09-07 08:35:24] [ERROR] Line 406: Unexpected token '-A' in expression or statement.
[2025-09-07 08:35:24] [ERROR] Line 406: Unexpected token ':' in expression or statement.
[2025-09-07 08:35:24] [ERROR] Line 407: Unexpected token '-B' in expression or statement.
[2025-09-07 08:35:24] [ERROR] Line 407: Unexpected token ':' in expression or statement.
[2025-09-07 08:35:24] [ERROR] Line 408: Unexpected token '-C' in expression or statement.
[2025-09-07 08:35:24] [ERROR] Line 408: Unexpected token ':' in expression or statement.
[2025-09-07 08:35:24] [ERROR] Line 409: Unexpected token '-D' in expression or statement.
[2025-09-07 08:35:24] [ERROR] Line 409: Unexpected token ':' in expression or statement.
[2025-09-07 08:35:24] [ERROR] Line 412: Unexpected token '-A' in expression or statement.
[2025-09-07 08:35:24] [ERROR] Line 412: Unexpected token ':' in expression or statement.
[2025-09-07 08:35:24] [ERROR] Line 413: Unexpected token '-B' in expression or statement.
[2025-09-07 08:35:24] [ERROR] Line 413: Unexpected token ':' in expression or statement.
[2025-09-07 08:35:24] [ERROR] Line 414: Unexpected token '-C' in expression or statement.
[2025-09-07 08:35:24] [ERROR] Line 414: Unexpected token ':' in expression or statement.
[2025-09-07 08:35:24] [ERROR] Line 415: Unexpected token '-D' in expression or statement.
[2025-09-07 08:35:24] [ERROR] Line 415: Unexpected token ':' in expression or statement.
[2025-09-07 08:35:24] [ERROR] Line 416: Unexpected token '-E' in expression or statement.
[2025-09-07 08:35:24] [ERROR] Line 416: Unexpected token ':' in expression or statement.
[2025-09-07 08:35:24] [ERROR] Line 419: Unexpected token '-A' in expression or statement.
[2025-09-07 08:35:24] [ERROR] Line 419: Unexpected token ':' in expression or statement.
[2025-09-07 08:35:24] [ERROR] Line 420: Unexpected token '-B' in expression or statement.
[2025-09-07 08:35:24] [ERROR] Line 420: Unexpected token ':' in expression or statement.
[2025-09-07 08:35:24] [ERROR] Line 421: Unexpected token '-C' in expression or statement.
[2025-09-07 08:35:24] [ERROR] Line 421: Unexpected token ':' in expression or statement.
[2025-09-07 08:35:24] [ERROR] Line 422: Unexpected token '-D' in expression or statement.
[2025-09-07 08:35:24] [ERROR] Line 422: Unexpected token ':' in expression or statement.
[2025-09-07 08:35:24] [ERROR] Line 425: Unexpected token '-A' in expression or statement.
[2025-09-07 08:35:24] [ERROR] Line 425: Unexpected token ':' in expression or statement.
[2025-09-07 08:35:24] [ERROR] Line 425: Unexpected token 'vs' in expression or statement.
[2025-09-07 08:35:24] [ERROR] Line 425: Missing closing ')' in expression.
[2025-09-07 08:35:24] [ERROR] Line 425: Unexpected token ')' in expression or statement.
[2025-09-07 08:35:24] [ERROR] Line 426: Unexpected token '-B' in expression or statement.
[2025-09-07 08:35:24] [ERROR] Line 426: Unexpected token ':' in expression or statement.
[2025-09-07 08:35:24] [ERROR] Line 426: Unexpected token 'pages' in expression or statement.
[2025-09-07 08:35:24] [ERROR] Line 426: Missing closing ')' in expression.
[2025-09-07 08:35:24] [ERROR] Line 426: Unexpected token ')' in expression or statement.
[2025-09-07 08:35:24] [ERROR] Line 427: Unexpected token '-C' in expression or statement.
[2025-09-07 08:35:24] [ERROR] Line 427: Unexpected token ':' in expression or statement.
[2025-09-07 08:35:24] [ERROR] Line 428: Unexpected token '-D' in expression or statement.
[2025-09-07 08:35:24] [ERROR] Line 428: Unexpected token ':' in expression or statement.
[2025-09-07 08:35:24] [ERROR] Line 431: Unexpected token '-A' in expression or statement.
[2025-09-07 08:35:24] [ERROR] Line 431: Unexpected token ':' in expression or statement.
[2025-09-07 08:35:24] [ERROR] Line 432: Unexpected token '-B' in expression or statement.
[2025-09-07 08:35:24] [ERROR] Line 432: Unexpected token ':' in expression or statement.
[2025-09-07 08:35:24] [ERROR] Line 433: Unexpected token '-C' in expression or statement.
[2025-09-07 08:35:24] [ERROR] Line 433: Unexpected token ':' in expression or statement.
[2025-09-07 08:35:24] [ERROR] Line 436: Unexpected token '-A' in expression or statement.
[2025-09-07 08:35:24] [ERROR] Line 436: Unexpected token ':' in expression or statement.
[2025-09-07 08:35:24] [ERROR] Line 437: Unexpected token '-B' in expression or statement.
[2025-09-07 08:35:24] [ERROR] Line 437: Unexpected token ':' in expression or statement.
[2025-09-07 08:35:24] [ERROR] Line 438: Unexpected token '-C' in expression or statement.
[2025-09-07 08:35:24] [ERROR] Line 438: Unexpected token ':' in expression or statement.
[2025-09-07 08:35:24] [ERROR] Line 439: Unexpected token '-D' in expression or statement.
[2025-09-07 08:35:24] [ERROR] Line 439: Unexpected token ':' in expression or statement.
[2025-09-07 08:35:24] [ERROR] Line 442: Unexpected token '-A' in expression or statement.
[2025-09-07 08:35:24] [ERROR] Line 442: Unexpected token ':' in expression or statement.
[2025-09-07 08:35:24] [ERROR] Line 443: Unexpected token '-B' in expression or statement.
[2025-09-07 08:35:24] [ERROR] Line 443: Unexpected token ':' in expression or statement.
[2025-09-07 08:35:24] [ERROR] Line 444: Unexpected token '-C' in expression or statement.
[2025-09-07 08:35:24] [ERROR] Line 444: Unexpected token ':' in expression or statement.
[2025-09-07 08:35:24] [ERROR] Line 445: Unexpected token '-D' in expression or statement.
[2025-09-07 08:35:24] [ERROR] Line 445: Unexpected token ':' in expression or statement.
[2025-09-07 08:35:24] [ERROR] Line 452: Unexpected token '$DocumentsDir\COURT_EXHIBIT_LIST.txt"
$ExhibitList | Out-File -FilePath $ExhibitListPath -Encoding UTF8

Write-Host "‚úì Court exhibit list created: $ExhibitListPath"' in expression or statement.
[2025-09-07 08:35:24] [ERROR] Line 452: Unexpected token '\COURT_EXHIBIT_LIST.txt"
$ExhibitList | Out-File -FilePath $ExhibitListPath -Encoding UTF8

Write-Host "‚úì Court exhibit list created: $ExhibitListPath"' in expression or statement.
[2025-09-07 08:35:25] [ERROR] Line 603: Missing argument in parameter list.
[2025-09-07 08:35:25] [ERROR] Line 610: Missing argument in parameter list.
[2025-09-07 08:35:25] [ERROR] Line 616: Missing argument in parameter list.
[2025-09-07 08:35:25] [ERROR] Line 622: Missing argument in parameter list.
[2025-09-07 08:35:25] [ERROR] Line 623: Unexpected token '-hour' in expression or statement.
[2025-09-07 08:35:25] [ERROR] Line 623: Unexpected token 'service' in expression or statement.
[2025-09-07 08:35:25] [ERROR] Line 623: Missing closing ')' in expression.
[2025-09-07 08:35:25] [ERROR] Line 623: Unexpected token ')' in expression or statement.
[2025-09-07 08:35:25] [ERROR] Line 628: Missing argument in parameter list.
[2025-09-07 08:35:25] [ERROR] Line 674: Missing expression after unary operator '-'.
[2025-09-07 08:35:25] [ERROR] Line 674: Unexpected token 'October' in expression or statement.
[2025-09-07 08:35:25] [ERROR] Line 675: Missing expression after unary operator '-'.
[2025-09-07 08:35:25] [ERROR] Line 675: Unexpected token 'October' in expression or statement.
[2025-09-07 08:35:25] [ERROR] Line 676: Missing expression after unary operator '-'.
[2025-09-07 08:35:25] [ERROR] Line 676: Unexpected token 'September' in expression or statement.
[2025-09-07 08:35:25] [ERROR] Line 677: Missing expression after unary operator '-'.
[2025-09-07 08:35:25] [ERROR] Line 677: Unexpected token 'September' in expression or statement.
[2025-09-07 08:35:25] [ERROR] Line 683: Unexpected token '$DocumentsDir\EXECUTION_TIMELINE.txt"
$ExecutionTimeline | Out-File -FilePath $TimelinePath -Encoding UTF8

Write-Host "‚úì Execution timeline created: $TimelinePath"' in expression or statement.
[2025-09-07 08:35:25] [ERROR] Line 683: Unexpected token '\EXECUTION_TIMELINE.txt"
$ExecutionTimeline | Out-File -FilePath $TimelinePath -Encoding UTF8

Write-Host "‚úì Execution timeline created: $TimelinePath"' in expression or statement.
[2025-09-07 08:35:25] [ERROR] Line 748: The string is missing the terminator: ".
[2025-09-07 08:35:25] [INFO] Checking script: Fix_All_Terminal_Errors.ps1
[2025-09-07 08:35:25] [INFO] Checking PowerShell syntax for: C:\Users\Muddm\Downloads\Fix_All_Terminal_Errors.ps1
[2025-09-07 08:35:25] [SUCCESS] PowerShell syntax is valid for C:\Users\Muddm\Downloads\Fix_All_Terminal_Errors.ps1
[2025-09-07 08:35:25] [INFO] Checking script: fully_automated_ai_analysis.ps1
[2025-09-07 08:35:25] [INFO] Checking PowerShell syntax for: C:\Users\Muddm\Downloads\fully_automated_ai_analysis.ps1
[2025-09-07 08:35:25] [SUCCESS] PowerShell syntax is valid for C:\Users\Muddm\Downloads\fully_automated_ai_analysis.ps1
[2025-09-07 08:35:25] [INFO] Found API key handling in fully_automated_ai_analysis.ps1
[2025-09-07 08:35:25] [INFO] Checking script: FULLY_AUTOMATED_OFFLINE_ANALYSIS.ps1
[2025-09-07 08:35:25] [INFO] Checking PowerShell syntax for: C:\Users\Muddm\Downloads\FULLY_AUTOMATED_OFFLINE_ANALYSIS.ps1
[2025-09-07 08:35:25] [SUCCESS] PowerShell syntax is valid for C:\Users\Muddm\Downloads\FULLY_AUTOMATED_OFFLINE_ANALYSIS.ps1
[2025-09-07 08:35:25] [INFO] Checking script: FULL_AUTO_ANALYSIS.ps1
[2025-09-07 08:35:25] [INFO] Checking PowerShell syntax for: C:\Users\Muddm\Downloads\FULL_AUTO_ANALYSIS.ps1
[2025-09-07 08:35:25] [SUCCESS] PowerShell syntax is valid for C:\Users\Muddm\Downloads\FULL_AUTO_ANALYSIS.ps1
[2025-09-07 08:35:25] [INFO] Checking script: quick_evidence_scan.ps1
[2025-09-07 08:35:25] [INFO] Checking PowerShell syntax for: C:\Users\Muddm\Downloads\quick_evidence_scan.ps1
[2025-09-07 08:35:25] [WARNING] Found 2 syntax errors in C:\Users\Muddm\Downloads\quick_evidence_scan.ps1
[2025-09-07 08:35:25] [ERROR] Line 52: Missing closing '}' in statement block or type definition.
[2025-09-07 08:35:25] [ERROR] Line 49: Missing closing '}' in statement block or type definition.
[2025-09-07 08:35:25] [INFO] Checking script: run_ai_analysis.ps1
[2025-09-07 08:35:25] [INFO] Checking PowerShell syntax for: C:\Users\Muddm\Downloads\run_ai_analysis.ps1
[2025-09-07 08:35:25] [SUCCESS] PowerShell syntax is valid for C:\Users\Muddm\Downloads\run_ai_analysis.ps1
[2025-09-07 08:35:25] [INFO] Checking script: SEARCH_THREE_DRIVES.ps1
[2025-09-07 08:35:25] [INFO] Checking PowerShell syntax for: C:\Users\Muddm\Downloads\SEARCH_THREE_DRIVES.ps1
[2025-09-07 08:35:25] [WARNING] Found 1 syntax errors in C:\Users\Muddm\Downloads\SEARCH_THREE_DRIVES.ps1
[2025-09-07 08:35:25] [ERROR] Line 159: The string is missing the terminator: ".
[2025-09-07 08:35:25] [INFO] Checking script: SIMPLE_AUTOMATION.ps1
[2025-09-07 08:35:25] [INFO] Checking PowerShell syntax for: C:\Users\Muddm\Downloads\SIMPLE_AUTOMATION.ps1
[2025-09-07 08:35:25] [WARNING] Found 6 syntax errors in C:\Users\Muddm\Downloads\SIMPLE_AUTOMATION.ps1
[2025-09-07 08:35:25] [ERROR] Line 83: Unexpected token 'Review' in expression or statement.
[2025-09-07 08:35:25] [ERROR] Line 84: Unexpected token 'Review' in expression or statement.
[2025-09-07 08:35:25] [ERROR] Line 85: Unexpected token 'Call' in expression or statement.
[2025-09-07 08:35:25] [ERROR] Line 86: Unexpected token 'Analyze' in expression or statement.
[2025-09-07 08:35:25] [ERROR] Line 91: Unexpected token '$OutputDir\DISCOVERY_SUMMARY.txt"

Write-Host "========================================" -ForegroundColor Yellow
Write-Host "üèÜ' in expression or statement.
[2025-09-07 08:35:26] [ERROR] Line 91: Unexpected token '\DISCOVERY_SUMMARY.txt"

Write-Host "========================================" -ForegroundColor Yellow
Write-Host "üèÜ' in expression or statement.
[2025-09-07 08:35:26] [INFO] Checking script: simple_evidence_scan.ps1
[2025-09-07 08:35:26] [INFO] Checking PowerShell syntax for: C:\Users\Muddm\Downloads\simple_evidence_scan.ps1
[2025-09-07 08:35:26] [SUCCESS] PowerShell syntax is valid for C:\Users\Muddm\Downloads\simple_evidence_scan.ps1
[2025-09-07 08:35:26] [INFO] Checking script: SIMPLE_EXTRACTION.ps1
[2025-09-07 08:35:26] [INFO] Checking PowerShell syntax for: C:\Users\Muddm\Downloads\SIMPLE_EXTRACTION.ps1
[2025-09-07 08:35:26] [SUCCESS] PowerShell syntax is valid for C:\Users\Muddm\Downloads\SIMPLE_EXTRACTION.ps1
[2025-09-07 08:35:26] [INFO] Checking script: Terminal_Error_Auto_Fixer.ps1
[2025-09-07 08:35:26] [INFO] Checking PowerShell syntax for: C:\Users\Muddm\Downloads\Terminal_Error_Auto_Fixer.ps1
[2025-09-07 08:35:26] [SUCCESS] PowerShell syntax is valid for C:\Users\Muddm\Downloads\Terminal_Error_Auto_Fixer.ps1
[2025-09-07 08:35:26] [INFO] Found Ollama dependency in Terminal_Error_Auto_Fixer.ps1
[2025-09-07 08:35:26] [INFO] Found API key handling in Terminal_Error_Auto_Fixer.ps1
[2025-09-07 08:35:26] [INFO] Checking script: WORKING_AUTOMATION.ps1
[2025-09-07 08:35:26] [INFO] Checking PowerShell syntax for: C:\Users\Muddm\Downloads\WORKING_AUTOMATION.ps1
[2025-09-07 08:35:26] [SUCCESS] PowerShell syntax is valid for C:\Users\Muddm\Downloads\WORKING_AUTOMATION.ps1
[2025-09-07 08:35:26] [INFO] Checking script: Activate.ps1
[2025-09-07 08:35:26] [INFO] Checking PowerShell syntax for: C:\Users\Muddm\Downloads\.venv\Scripts\Activate.ps1
[2025-09-07 08:35:26] [SUCCESS] PowerShell syntax is valid for C:\Users\Muddm\Downloads\.venv\Scripts\Activate.ps1
[2025-09-07 08:35:26] [INFO] Applying automatic fixes...
[2025-09-07 08:35:26] [INFO] Attempting to fix PowerShell syntax errors in C:\Users\Muddm\Downloads\COMPLETE_FINANCIAL_EXTRACTION.ps1
[2025-09-07 08:35:26] [INFO] Fixing unexpected token issue
[2025-09-07 08:35:26] [INFO] Fixing unexpected token issue
[2025-09-07 08:35:26] [INFO] Backed up COMPLETE_FINANCIAL_EXTRACTION.ps1 to C:\Users\Muddm\Downloads\terminal_fix_backups\COMPLETE_FINANCIAL_EXTRACTION.ps1.backup_20250907_083526
[2025-09-07 08:35:26] [SUCCESS] Applied syntax fixes to C:\Users\Muddm\Downloads\COMPLETE_FINANCIAL_EXTRACTION.ps1
[2025-09-07 08:35:26] [INFO] Checking PowerShell syntax for: C:\Users\Muddm\Downloads\COMPLETE_FINANCIAL_EXTRACTION.ps1
[2025-09-07 08:35:26] [WARNING] Found 5 syntax errors in C:\Users\Muddm\Downloads\COMPLETE_FINANCIAL_EXTRACTION.ps1
[2025-09-07 08:35:26] [ERROR] Line 33: Array index expression is missing or not valid.
[2025-09-07 08:35:26] [ERROR] Line 142: Unexpected token 'files' in expression or statement.
[2025-09-07 08:35:26] [ERROR] Line 142: Missing closing ')' in expression.
[2025-09-07 08:35:26] [ERROR] Line 142: Unexpected token ')' in expression or statement.
[2025-09-07 08:35:26] [ERROR] Line 142: The string is missing the terminator: ".
[2025-09-07 08:35:26] [WARNING] Some syntax errors remain - manual review needed
[2025-09-07 08:35:26] [INFO] Attempting to fix PowerShell syntax errors in C:\Users\Muddm\Downloads\COMPLETE_PROJECT_AUTOMATION.ps1
[2025-09-07 08:35:26] [INFO] Fixing unexpected token issue
[2025-09-07 08:35:26] [INFO] Fixing unexpected token issue
[2025-09-07 08:35:26] [INFO] Fixing unexpected token issue
[2025-09-07 08:35:26] [INFO] Fixing unexpected token issue
[2025-09-07 08:35:26] [INFO] Fixing unexpected token issue
[2025-09-07 08:35:26] [INFO] Fixing unexpected token issue
[2025-09-07 08:35:26] [INFO] Fixing unexpected token issue
[2025-09-07 08:35:26] [INFO] Fixing unexpected token issue
[2025-09-07 08:35:26] [INFO] Fixing unexpected token issue
[2025-09-07 08:35:26] [INFO] Fixing unexpected token issue
[2025-09-07 08:35:26] [INFO] Fixing unexpected token issue
[2025-09-07 08:35:26] [INFO] Fixing unexpected token issue
[2025-09-07 08:35:26] [INFO] Fixing unexpected token issue
[2025-09-07 08:35:26] [INFO] Fixing unexpected token issue
[2025-09-07 08:35:26] [INFO] Fixing unexpected token issue
[2025-09-07 08:35:26] [INFO] Fixing unexpected token issue
[2025-09-07 08:35:26] [INFO] Fixing unexpected token issue
[2025-09-07 08:35:26] [INFO] Fixing unexpected token issue
[2025-09-07 08:35:26] [INFO] Fixing unexpected token issue
[2025-09-07 08:35:27] [INFO] Fixing unexpected token issue
[2025-09-07 08:35:27] [INFO] Fixing unexpected token issue
[2025-09-07 08:35:27] [INFO] Fixing unexpected token issue
[2025-09-07 08:35:27] [INFO] Fixing unexpected token issue
[2025-09-07 08:35:27] [INFO] Fixing unexpected token issue
[2025-09-07 08:35:27] [INFO] Fixing unexpected token issue
[2025-09-07 08:35:27] [INFO] Fixing unexpected token issue
[2025-09-07 08:35:27] [INFO] Fixing unexpected token issue
[2025-09-07 08:35:27] [INFO] Fixing unexpected token issue
[2025-09-07 08:35:27] [INFO] Fixing unexpected token issue
[2025-09-07 08:35:27] [INFO] Fixing unexpected token issue
[2025-09-07 08:35:27] [INFO] Fixing unexpected token issue
[2025-09-07 08:35:27] [INFO] Fixing unexpected token issue
[2025-09-07 08:35:27] [INFO] Fixing unexpected token issue
[2025-09-07 08:35:27] [INFO] Fixing unexpected token issue
[2025-09-07 08:35:27] [INFO] Backed up COMPLETE_PROJECT_AUTOMATION.ps1 to C:\Users\Muddm\Downloads\terminal_fix_backups\COMPLETE_PROJECT_AUTOMATION.ps1.backup_20250907_083527
[2025-09-07 08:35:27] [SUCCESS] Applied syntax fixes to C:\Users\Muddm\Downloads\COMPLETE_PROJECT_AUTOMATION.ps1
[2025-09-07 08:35:27] [INFO] Checking PowerShell syntax for: C:\Users\Muddm\Downloads\COMPLETE_PROJECT_AUTOMATION.ps1
[2025-09-07 08:35:27] [WARNING] Found 81 syntax errors in C:\Users\Muddm\Downloads\COMPLETE_PROJECT_AUTOMATION.ps1
[2025-09-07 08:35:27] [ERROR] Line 90: Array index expression is missing or not valid.
[2025-09-07 08:35:27] [ERROR] Line 375: Missing expression after unary operator '-'.
[2025-09-07 08:35:27] [ERROR] Line 375: Unexpected token 'Professional' in expression or statement.
[2025-09-07 08:35:27] [ERROR] Line 376: Missing expression after unary operator '-'.
[2025-09-07 08:35:27] [ERROR] Line 376: Unexpected token 'Financial' in expression or statement.
[2025-09-07 08:35:27] [ERROR] Line 377: Missing expression after unary operator '-'.
[2025-09-07 08:35:27] [ERROR] Line 377: Unexpected token 'Evidence' in expression or statement.
[2025-09-07 08:35:27] [ERROR] Line 380: Missing expression after unary operator '-'.
[2025-09-07 08:35:27] [ERROR] Line 380: You must provide a value expression following the '*' operator.
[2025-09-07 08:35:27] [ERROR] Line 380: You must provide a value expression following the '*' operator.
[2025-09-07 08:35:27] [ERROR] Line 380: Unexpected token 'Criminal' in expression or statement.
[2025-09-07 08:35:27] [ERROR] Line 381: Missing expression after unary operator '-'.
[2025-09-07 08:35:27] [ERROR] Line 381: You must provide a value expression following the '*' operator.
[2025-09-07 08:35:27] [ERROR] Line 381: You must provide a value expression following the '*' operator.
[2025-09-07 08:35:27] [ERROR] Line 381: Unexpected token 'Civil' in expression or statement.
[2025-09-07 08:35:27] [ERROR] Line 382: Missing expression after unary operator '-'.
[2025-09-07 08:35:27] [ERROR] Line 382: You must provide a value expression following the '*' operator.
[2025-09-07 08:35:27] [ERROR] Line 382: You must provide a value expression following the '*' operator.
[2025-09-07 08:35:27] [ERROR] Line 382: Unexpected token 'Court' in expression or statement.
[2025-09-07 08:35:27] [ERROR] Line 387: Missing expression after unary operator '-'.
[2025-09-07 08:35:27] [ERROR] Line 387: Unexpected token 'Manual' in expression or statement.
[2025-09-07 08:35:27] [ERROR] Line 388: Missing expression after unary operator '-'.
[2025-09-07 08:35:27] [ERROR] Line 388: Unexpected token 'Unknown' in expression or statement.
[2025-09-07 08:35:27] [ERROR] Line 389: Missing expression after unary operator '-'.
[2025-09-07 08:35:27] [ERROR] Line 389: Unexpected token 'Time-intensive' in expression or statement.
[2025-09-07 08:35:27] [ERROR] Line 390: Missing expression after unary operator '-'.
[2025-09-07 08:35:27] [ERROR] Line 390: Unexpected token 'Uncertain' in expression or statement.
[2025-09-07 08:35:27] [ERROR] Line 393: Missing expression after unary operator '-'.
[2025-09-07 08:35:27] [ERROR] Line 393: Unexpected token 'Complete' in expression or statement.
[2025-09-07 08:35:27] [ERROR] Line 394: Missing expression after unary operator '-'.
[2025-09-07 08:35:27] [ERROR] Line 394: Unexpected token 'Quantified' in expression or statement.
[2025-09-07 08:35:27] [ERROR] Line 395: Missing expression after unary operator '-'.
[2025-09-07 08:35:27] [ERROR] Line 395: Unexpected token 'Organized' in expression or statement.
[2025-09-07 08:35:27] [ERROR] Line 396: Missing expression after unary operator '-'.
[2025-09-07 08:35:27] [ERROR] Line 396: Unexpected token 'Professional' in expression or statement.
[2025-09-07 08:35:27] [ERROR] Line 401: Missing expression after unary operator '-'.
[2025-09-07 08:35:27] [ERROR] Line 401: You must provide a value expression following the '*' operator.
[2025-09-07 08:35:27] [ERROR] Line 401: You must provide a value expression following the '*' operator.
[2025-09-07 08:35:27] [ERROR] Line 401: Unexpected token 'Conservative' in expression or statement.
[2025-09-07 08:35:27] [ERROR] Line 401: You must provide a value expression following the '%' operator.
[2025-09-07 08:35:27] [ERROR] Line 402: Missing expression after unary operator '-'.
[2025-09-07 08:35:27] [ERROR] Line 402: You must provide a value expression following the '*' operator.
[2025-09-07 08:35:27] [ERROR] Line 402: You must provide a value expression following the '*' operator.
[2025-09-07 08:35:27] [ERROR] Line 402: Unexpected token 'Moderate' in expression or statement.
[2025-09-07 08:35:28] [ERROR] Line 402: You must provide a value expression following the '%' operator.
[2025-09-07 08:35:28] [ERROR] Line 403: Missing expression after unary operator '-'.
[2025-09-07 08:35:28] [ERROR] Line 403: You must provide a value expression following the '*' operator.
[2025-09-07 08:35:28] [ERROR] Line 403: You must provide a value expression following the '*' operator.
[2025-09-07 08:35:28] [ERROR] Line 403: Unexpected token 'Aggressive' in expression or statement.
[2025-09-07 08:35:28] [ERROR] Line 403: You must provide a value expression following the '%' operator.
[2025-09-07 08:35:28] [ERROR] Line 406: Missing expression after unary operator '-'.
[2025-09-07 08:35:28] [ERROR] Line 406: You must provide a value expression following the '*' operator.
[2025-09-07 08:35:28] [ERROR] Line 406: You must provide a value expression following the '*' operator.
[2025-09-07 08:35:28] [ERROR] Line 406: Unexpected token 'Audio' in expression or statement.
[2025-09-07 08:35:28] [ERROR] Line 407: Missing expression after unary operator '-'.
[2025-09-07 08:35:28] [ERROR] Line 407: You must provide a value expression following the '*' operator.
[2025-09-07 08:35:28] [ERROR] Line 407: You must provide a value expression following the '*' operator.
[2025-09-07 08:35:28] [ERROR] Line 407: Unexpected token 'Video' in expression or statement.
[2025-09-07 08:35:28] [ERROR] Line 408: Missing expression after unary operator '-'.
[2025-09-07 08:35:28] [ERROR] Line 408: You must provide a value expression following the '*' operator.
[2025-09-07 08:35:28] [ERROR] Line 408: You must provide a value expression following the '*' operator.
[2025-09-07 08:35:28] [ERROR] Line 408: Unexpected token 'Documentation:**' in expression or statement.
[2025-09-07 08:35:28] [ERROR] Line 414: Missing expression after unary operator '-'.
[2025-09-07 08:35:28] [ERROR] Line 414: Unexpected token '01_FINANCIAL_ANALYSIS:' in expression or statement.
[2025-09-07 08:35:28] [ERROR] Line 415: Missing expression after unary operator '-'.
[2025-09-07 08:35:28] [ERROR] Line 415: Unexpected token '02_CRIMINAL_EVIDENCE:' in expression or statement.
[2025-09-07 08:35:28] [ERROR] Line 416: Missing expression after unary operator '-'.
[2025-09-07 08:35:28] [ERROR] Line 416: Unexpected token '03_CIVIL_LAWSUIT:' in expression or statement.
[2025-09-07 08:35:28] [ERROR] Line 417: Missing expression after unary operator '-'.
[2025-09-07 08:35:28] [ERROR] Line 417: Unexpected token '04_COURT_PREPARATION:' in expression or statement.
[2025-09-07 08:35:28] [ERROR] Line 418: Missing expression after unary operator '-'.
[2025-09-07 08:35:28] [ERROR] Line 418: Unexpected token '05_PROFESSIONAL_SERVICES:' in expression or statement.
[2025-09-07 08:35:28] [ERROR] Line 419: Missing expression after unary operator '-'.
[2025-09-07 08:35:28] [ERROR] Line 419: Unexpected token '06_AUTOMATED_REPORTS:' in expression or statement.
[2025-09-07 08:35:28] [ERROR] Line 420: Missing expression after unary operator '-'.
[2025-09-07 08:35:28] [ERROR] Line 420: Unexpected token '07_EVIDENCE_INVENTORY:' in expression or statement.
[2025-09-07 08:35:28] [ERROR] Line 421: Missing expression after unary operator '-'.
[2025-09-07 08:35:28] [ERROR] Line 421: Unexpected token '08_LEGAL_FILINGS:' in expression or statement.
[2025-09-07 08:35:28] [ERROR] Line 433: Unexpected token '$BaseDir\MASTER_AUTOMATION_SUMMARY.md" -Encoding UTF8

# Final completion message
Write-Host "===============================================" -ForegroundColor Yellow
Write-Host "üèÜ' in expression or statement.
[2025-09-07 08:35:28] [ERROR] Line 433: Unexpected token '\MASTER_AUTOMATION_SUMMARY.md" -Encoding UTF8

# Final completion message
Write-Host "===============================================" -ForegroundColor Yellow
Write-Host "üèÜ' in expression or statement.
[2025-09-07 08:35:28] [ERROR] Line 454: The string is missing the terminator: ".
[2025-09-07 08:35:28] [WARNING] Some syntax errors remain - manual review needed
[2025-09-07 08:35:28] [INFO] Attempting to fix PowerShell syntax errors in C:\Users\Muddm\Downloads\evidence_analysis_automation.ps1
[2025-09-07 08:35:28] [INFO] Fixing unexpected token issue
[2025-09-07 08:35:28] [INFO] Backed up evidence_analysis_automation.ps1 to C:\Users\Muddm\Downloads\terminal_fix_backups\evidence_analysis_automation.ps1.backup_20250907_083528
[2025-09-07 08:35:28] [SUCCESS] Applied syntax fixes to C:\Users\Muddm\Downloads\evidence_analysis_automation.ps1
[2025-09-07 08:35:28] [INFO] Checking PowerShell syntax for: C:\Users\Muddm\Downloads\evidence_analysis_automation.ps1
[2025-09-07 08:35:28] [WARNING] Found 2 syntax errors in C:\Users\Muddm\Downloads\evidence_analysis_automation.ps1
[2025-09-07 08:35:28] [ERROR] Line 37: Unexpected token '}' in expression or statement.
[2025-09-07 08:35:28] [ERROR] Line 313: The string is missing the terminator: ".
[2025-09-07 08:35:28] [WARNING] Some syntax errors remain - manual review needed
[2025-09-07 08:35:28] [INFO] Attempting to fix PowerShell syntax errors in C:\Users\Muddm\Downloads\EXECUTE_LEGAL_STRATEGY.ps1
[2025-09-07 08:35:28] [INFO] Fixing unexpected token issue
[2025-09-07 08:35:28] [INFO] Fixing unexpected token issue
[2025-09-07 08:35:28] [INFO] Fixing unexpected token issue
[2025-09-07 08:35:28] [INFO] Fixing unexpected token issue
[2025-09-07 08:35:28] [INFO] Fixing unexpected token issue
[2025-09-07 08:35:28] [INFO] Fixing unexpected token issue
[2025-09-07 08:35:28] [INFO] Fixing unexpected token issue
[2025-09-07 08:35:28] [INFO] Fixing unexpected token issue
[2025-09-07 08:35:28] [INFO] Fixing unexpected token issue
[2025-09-07 08:35:29] [INFO] Fixing unexpected token issue
[2025-09-07 08:35:29] [INFO] Fixing unexpected token issue
[2025-09-07 08:35:29] [INFO] Fixing unexpected token issue
[2025-09-07 08:35:29] [INFO] Fixing unexpected token issue
[2025-09-07 08:35:29] [INFO] Fixing unexpected token issue
[2025-09-07 08:35:29] [INFO] Fixing unexpected token issue
[2025-09-07 08:35:29] [INFO] Fixing unexpected token issue
[2025-09-07 08:35:29] [INFO] Fixing unexpected token issue
[2025-09-07 08:35:29] [INFO] Fixing unexpected token issue
[2025-09-07 08:35:29] [INFO] Fixing unexpected token issue
[2025-09-07 08:35:29] [INFO] Fixing unexpected token issue
[2025-09-07 08:35:29] [INFO] Fixing unexpected token issue
[2025-09-07 08:35:29] [INFO] Fixing unexpected token issue
[2025-09-07 08:35:29] [INFO] Fixing unexpected token issue
[2025-09-07 08:35:29] [INFO] Fixing unexpected token issue
[2025-09-07 08:35:29] [INFO] Fixing unexpected token issue
[2025-09-07 08:35:29] [INFO] Fixing unexpected token issue
[2025-09-07 08:35:29] [INFO] Fixing unexpected token issue
[2025-09-07 08:35:29] [INFO] Fixing unexpected token issue
[2025-09-07 08:35:29] [INFO] Fixing unexpected token issue
[2025-09-07 08:35:29] [INFO] Fixing unexpected token issue
[2025-09-07 08:35:29] [INFO] Fixing unexpected token issue
[2025-09-07 08:35:29] [INFO] Fixing unexpected token issue
[2025-09-07 08:35:29] [INFO] Fixing unexpected token issue
[2025-09-07 08:35:29] [INFO] Fixing unexpected token issue
[2025-09-07 08:35:29] [INFO] Fixing unexpected token issue
[2025-09-07 08:35:29] [INFO] Fixing unexpected token issue
[2025-09-07 08:35:29] [INFO] Fixing unexpected token issue
[2025-09-07 08:35:29] [INFO] Fixing unexpected token issue
[2025-09-07 08:35:29] [INFO] Fixing unexpected token issue
[2025-09-07 08:35:29] [INFO] Fixing unexpected token issue
[2025-09-07 08:35:29] [INFO] Fixing unexpected token issue
[2025-09-07 08:35:29] [INFO] Fixing unexpected token issue
[2025-09-07 08:35:29] [INFO] Fixing unexpected token issue
[2025-09-07 08:35:29] [INFO] Fixing unexpected token issue
[2025-09-07 08:35:29] [INFO] Fixing unexpected token issue
[2025-09-07 08:35:29] [INFO] Fixing unexpected token issue
[2025-09-07 08:35:29] [INFO] Fixing unexpected token issue
[2025-09-07 08:35:29] [INFO] Fixing unexpected token issue
[2025-09-07 08:35:29] [INFO] Fixing unexpected token issue
[2025-09-07 08:35:29] [INFO] Fixing unexpected token issue
[2025-09-07 08:35:29] [INFO] Fixing unexpected token issue
[2025-09-07 08:35:29] [INFO] Fixing unexpected token issue
[2025-09-07 08:35:29] [INFO] Fixing unexpected token issue
[2025-09-07 08:35:29] [INFO] Fixing unexpected token issue
[2025-09-07 08:35:29] [INFO] Fixing unexpected token issue
[2025-09-07 08:35:29] [INFO] Fixing unexpected token issue
[2025-09-07 08:35:29] [INFO] Fixing unexpected token issue
[2025-09-07 08:35:29] [INFO] Fixing unexpected token issue
[2025-09-07 08:35:29] [INFO] Fixing unexpected token issue
[2025-09-07 08:35:29] [INFO] Fixing unexpected token issue
[2025-09-07 08:35:29] [INFO] Fixing unexpected token issue
[2025-09-07 08:35:29] [INFO] Fixing unexpected token issue
[2025-09-07 08:35:29] [INFO] Fixing unexpected token issue
[2025-09-07 08:35:30] [INFO] Fixing unexpected token issue
[2025-09-07 08:35:30] [INFO] Fixing unexpected token issue
[2025-09-07 08:35:30] [INFO] Fixing unexpected token issue
[2025-09-07 08:35:30] [INFO] Fixing unexpected token issue
[2025-09-07 08:35:30] [INFO] Fixing unexpected token issue
[2025-09-07 08:35:30] [INFO] Fixing unexpected token issue
[2025-09-07 08:35:30] [INFO] Fixing unexpected token issue
[2025-09-07 08:35:30] [INFO] Fixing unexpected token issue
[2025-09-07 08:35:30] [INFO] Fixing unexpected token issue
[2025-09-07 08:35:30] [INFO] Fixing unexpected token issue
[2025-09-07 08:35:30] [INFO] Fixing unexpected token issue
[2025-09-07 08:35:30] [INFO] Fixing unexpected token issue
[2025-09-07 08:35:30] [INFO] Fixing unexpected token issue
[2025-09-07 08:35:30] [INFO] Fixing unexpected token issue
[2025-09-07 08:35:30] [INFO] Fixing unexpected token issue
[2025-09-07 08:35:30] [INFO] Fixing unexpected token issue
[2025-09-07 08:35:30] [INFO] Fixing unexpected token issue
[2025-09-07 08:35:30] [INFO] Fixing unexpected token issue
[2025-09-07 08:35:30] [INFO] Fixing unexpected token issue
[2025-09-07 08:35:30] [INFO] Fixing unexpected token issue
[2025-09-07 08:35:30] [INFO] Fixing unexpected token issue
[2025-09-07 08:35:30] [INFO] Fixing unexpected token issue
[2025-09-07 08:35:30] [INFO] Fixing unexpected token issue
[2025-09-07 08:35:30] [INFO] Fixing unexpected token issue
[2025-09-07 08:35:30] [INFO] Fixing unexpected token issue
[2025-09-07 08:35:30] [INFO] Fixing unexpected token issue
[2025-09-07 08:35:30] [INFO] Fixing unexpected token issue
[2025-09-07 08:35:30] [INFO] Fixing unexpected token issue
[2025-09-07 08:35:30] [INFO] Fixing unexpected token issue
[2025-09-07 08:35:30] [INFO] Fixing unexpected token issue
[2025-09-07 08:35:30] [INFO] Fixing unexpected token issue
[2025-09-07 08:35:30] [INFO] Fixing unexpected token issue
[2025-09-07 08:35:30] [INFO] Fixing unexpected token issue
[2025-09-07 08:35:30] [INFO] Fixing unexpected token issue
[2025-09-07 08:35:30] [INFO] Fixing unexpected token issue
[2025-09-07 08:35:30] [INFO] Fixing unexpected token issue
[2025-09-07 08:35:30] [INFO] Fixing unexpected token issue
[2025-09-07 08:35:30] [INFO] Fixing unexpected token issue
[2025-09-07 08:35:30] [INFO] Fixing unexpected token issue
[2025-09-07 08:35:30] [INFO] Fixing unexpected token issue
[2025-09-07 08:35:30] [INFO] Fixing unexpected token issue
[2025-09-07 08:35:30] [INFO] Fixing unexpected token issue
[2025-09-07 08:35:30] [INFO] Fixing unexpected token issue
[2025-09-07 08:35:30] [INFO] Fixing unexpected token issue
[2025-09-07 08:35:30] [INFO] Fixing unexpected token issue
[2025-09-07 08:35:30] [INFO] Fixing unexpected token issue
[2025-09-07 08:35:30] [INFO] Fixing unexpected token issue
[2025-09-07 08:35:30] [INFO] Fixing unexpected token issue
[2025-09-07 08:35:30] [INFO] Fixing unexpected token issue
[2025-09-07 08:35:30] [INFO] Fixing unexpected token issue
[2025-09-07 08:35:30] [INFO] Fixing unexpected token issue
[2025-09-07 08:35:30] [INFO] Fixing unexpected token issue
[2025-09-07 08:35:30] [INFO] Fixing unexpected token issue
[2025-09-07 08:35:30] [INFO] Fixing unexpected token issue
[2025-09-07 08:35:30] [INFO] Fixing unexpected token issue
[2025-09-07 08:35:30] [INFO] Fixing unexpected token issue
[2025-09-07 08:35:30] [INFO] Fixing unexpected token issue
[2025-09-07 08:35:30] [INFO] Fixing unexpected token issue
[2025-09-07 08:35:30] [INFO] Fixing unexpected token issue
[2025-09-07 08:35:30] [INFO] Fixing unexpected token issue
[2025-09-07 08:35:30] [INFO] Fixing unexpected token issue
[2025-09-07 08:35:30] [INFO] Fixing unexpected token issue
[2025-09-07 08:35:30] [INFO] Fixing unexpected token issue
[2025-09-07 08:35:30] [INFO] Fixing unexpected token issue
[2025-09-07 08:35:30] [INFO] Backed up EXECUTE_LEGAL_STRATEGY.ps1 to C:\Users\Muddm\Downloads\terminal_fix_backups\EXECUTE_LEGAL_STRATEGY.ps1.backup_20250907_083530
[2025-09-07 08:35:31] [SUCCESS] Applied syntax fixes to C:\Users\Muddm\Downloads\EXECUTE_LEGAL_STRATEGY.ps1
[2025-09-07 08:35:31] [INFO] Checking PowerShell syntax for: C:\Users\Muddm\Downloads\EXECUTE_LEGAL_STRATEGY.ps1
[2025-09-07 08:35:31] [WARNING] Found 149 syntax errors in C:\Users\Muddm\Downloads\EXECUTE_LEGAL_STRATEGY.ps1
[2025-09-07 08:35:31] [ERROR] Line 255: Missing argument in parameter list.
[2025-09-07 08:35:31] [ERROR] Line 257: Missing closing ')' in expression.
[2025-09-07 08:35:31] [ERROR] Line 261: Unexpected token ')' in expression or statement.
[2025-09-07 08:35:31] [ERROR] Line 269: Unexpected token 'Plaintiff' in expression or statement.
[2025-09-07 08:35:31] [ERROR] Line 271: Unexpected token 'Defendant' in expression or statement.
[2025-09-07 08:35:31] [ERROR] Line 273: Unexpected token 'This' in expression or statement.
[2025-09-07 08:35:31] [ERROR] Line 275: Unexpected token 'Venue' in expression or statement.
[2025-09-07 08:35:31] [ERROR] Line 279: Unexpected token 'From' in expression or statement.
[2025-09-07 08:35:31] [ERROR] Line 279: The 'from' keyword is not supported in this version of the language.
[2025-09-07 08:35:31] [ERROR] Line 281: Unexpected token 'During' in expression or statement.
[2025-09-07 08:35:31] [ERROR] Line 283: Unexpected token 'The' in expression or statement.
[2025-09-07 08:35:31] [ERROR] Line 285: Unexpected token 'Beginning' in expression or statement.
[2025-09-07 08:35:31] [ERROR] Line 291: Unexpected token 'The' in expression or statement.
[2025-09-07 08:35:31] [ERROR] Line 294: Unexpected token ')' in expression or statement.
[2025-09-07 08:35:31] [ERROR] Line 295: Unexpected token ')' in expression or statement.
[2025-09-07 08:35:31] [ERROR] Line 296: Unexpected token ')' in expression or statement.
[2025-09-07 08:35:31] [ERROR] Line 298: Unexpected token 'Plaintiff' in expression or statement.
[2025-09-07 08:35:31] [ERROR] Line 302: Unexpected token 'Defendant' in expression or statement.
[2025-09-07 08:35:31] [ERROR] Line 306: Unexpected token 'Plaintiff' in expression or statement.
[2025-09-07 08:35:31] [ERROR] Line 310: Unexpected token 'Defendant's conduct was extreme, outrageous, and beyond the bounds of human decency.

5.2 Audio recordings document systematic psychological abuse campaign.

5.3 Plaintiff has suffered severe emotional distress as evidenced by documented psychological transformation.

5.4 Plaintiff seeks compensatory damages of $500,000-$1,000,000.

COUNT IV - THEFT/CONVERSION

6.1 Defendant unlawfully converted $580,000+ in business assets and corporate resources.

6.2 Defendant exploited corporate officer position for personal financial gain.

6.3 Treble damages are available under Washington law totaling $1,740,000.

COUNT V - STALKING CIVIL DAMAGES

7.1 Screen recordings document obsessive digital surveillance constituting civil stalking.

7.2 Pattern of unwanted contact and location tracking violates privacy rights.

7.3 Plaintiff seeks civil damages for invasion of privacy and emotional distress totaling $100,000-$500,000.

IV. PRAYER FOR RELIEF

WHEREFORE, Plaintiff respectfully requests this Court:

A. Award compensatory damages in excess of $2,000,000;
B. Award treble damages on theft claims totaling $1,740,000;
C. Award punitive damages of $1,000,000;
D. Award medical privacy violation penalties totaling $100,000;
E. Award attorney fees and costs;
F. Enter permanent injunctive relief prohibiting further harassment;
G. Order asset preservation and accounting;
H. Grant such other relief as this Court deems just and proper.

DATED this 8th day of September, 2025.

                                    _____________________________
                                    William Orley Miller Jr.
                                    Pro Se Plaintiff
                                    [Your Address]
                                    [Your Phone]
                                    [Your Email]

STATE OF WASHINGTON  )
                     ) ss.
COUNTY OF SNOHOMISH  )

I, William Orley Miller Jr., declare under penalty of perjury under the laws of the State of Washington that the foregoing is true and correct.

DATED this 8th day of September, 2025.

                                    _____________________________
                                    William Orley Miller Jr.
"@

$CivilLawsuitPath = "$FilingsDir\CIVIL_LAWSUIT_COMPLAINT.txt"
$CivilLawsuit | Out-File -FilePath $CivilLawsuitPath -Encoding UTF8

Write-Host "‚úì Civil lawsuit complaint created: $CivilLawsuitPath" -ForegroundColor Blue

# PHASE 3: COURT PREPARATION
Write-Host "üèõÔ∏è PHASE 3: COURT PREPARATION" -ForegroundColor Magenta

# Court Exhibit List
$ExhibitList = @"
EXHIBIT LIST - OCTOBER 10, 2025 HEARING
MILLER v. BRIGHTWELL - CIR PROPERTY RECOVERY CASE

PLAINTIFF'S' in expression or statement.
[2025-09-07 08:35:31] [ERROR] Line 384: Unexpected token '-A' in expression or statement.
[2025-09-07 08:35:31] [ERROR] Line 384: Unexpected token ':' in expression or statement.
[2025-09-07 08:35:31] [ERROR] Line 385: Unexpected token '-B' in expression or statement.
[2025-09-07 08:35:31] [ERROR] Line 385: Unexpected token ':' in expression or statement.
[2025-09-07 08:35:31] [ERROR] Line 386: Unexpected token '-C' in expression or statement.
[2025-09-07 08:35:31] [ERROR] Line 386: Unexpected token ':' in expression or statement.
[2025-09-07 08:35:31] [ERROR] Line 387: Unexpected token '-D' in expression or statement.
[2025-09-07 08:35:31] [ERROR] Line 387: Unexpected token ':' in expression or statement.
[2025-09-07 08:35:31] [ERROR] Line 388: Unexpected token '-E' in expression or statement.
[2025-09-07 08:35:31] [ERROR] Line 388: Unexpected token ':' in expression or statement.
[2025-09-07 08:35:31] [ERROR] Line 391: Unexpected token '-A' in expression or statement.
[2025-09-07 08:35:31] [ERROR] Line 391: Unexpected token ':' in expression or statement.
[2025-09-07 08:35:31] [ERROR] Line 392: Unexpected token '-B' in expression or statement.
[2025-09-07 08:35:31] [ERROR] Line 392: Unexpected token ':' in expression or statement.
[2025-09-07 08:35:31] [ERROR] Line 392: Unexpected token 'documents' in expression or statement.
[2025-09-07 08:35:31] [ERROR] Line 392: Missing closing ')' in expression.
[2025-09-07 08:35:31] [ERROR] Line 392: Unexpected token ')' in expression or statement.
[2025-09-07 08:35:31] [ERROR] Line 393: Unexpected token '-C' in expression or statement.
[2025-09-07 08:35:31] [ERROR] Line 393: Unexpected token ':' in expression or statement.
[2025-09-07 08:35:31] [ERROR] Line 394: Unexpected token '-D' in expression or statement.
[2025-09-07 08:35:31] [ERROR] Line 394: Unexpected token ':' in expression or statement.
[2025-09-07 08:35:31] [ERROR] Line 394: Unexpected token 'total' in expression or statement.
[2025-09-07 08:35:31] [ERROR] Line 394: Missing closing ')' in expression.
[2025-09-07 08:35:31] [ERROR] Line 394: Unexpected token ')' in expression or statement.
[2025-09-07 08:35:31] [ERROR] Line 395: Unexpected token '-E' in expression or statement.
[2025-09-07 08:35:31] [ERROR] Line 395: Unexpected token ':' in expression or statement.
[2025-09-07 08:35:31] [ERROR] Line 395: Unexpected token 'verified' in expression or statement.
[2025-09-07 08:35:31] [ERROR] Line 395: Missing closing ')' in expression.
[2025-09-07 08:35:31] [ERROR] Line 395: Unexpected token ')' in expression or statement.
[2025-09-07 08:35:31] [ERROR] Line 396: You must provide a value expression following the '-F' operator.
[2025-09-07 08:35:31] [ERROR] Line 396: Unexpected token ':' in expression or statement.
[2025-09-07 08:35:31] [ERROR] Line 396: You must provide a value expression following the '+' operator.
[2025-09-07 08:35:31] [ERROR] Line 399: Unexpected token '-A' in expression or statement.
[2025-09-07 08:35:32] [ERROR] Line 399: Unexpected token ':' in expression or statement.
[2025-09-07 08:35:32] [ERROR] Line 400: Unexpected token '-B' in expression or statement.
[2025-09-07 08:35:32] [ERROR] Line 400: Unexpected token ':' in expression or statement.
[2025-09-07 08:35:32] [ERROR] Line 400: Unexpected token 'over' in expression or statement.
[2025-09-07 08:35:32] [ERROR] Line 400: Missing closing ')' in expression.
[2025-09-07 08:35:32] [ERROR] Line 400: Unexpected token ')' in expression or statement.
[2025-09-07 08:35:32] [ERROR] Line 401: Unexpected token '-C' in expression or statement.
[2025-09-07 08:35:32] [ERROR] Line 401: Unexpected token ':' in expression or statement.
[2025-09-07 08:35:32] [ERROR] Line 402: Unexpected token '-D' in expression or statement.
[2025-09-07 08:35:32] [ERROR] Line 402: Unexpected token ':' in expression or statement.
[2025-09-07 08:35:32] [ERROR] Line 403: Unexpected token '-E' in expression or statement.
[2025-09-07 08:35:32] [ERROR] Line 403: Unexpected token ':' in expression or statement.
[2025-09-07 08:35:32] [ERROR] Line 406: Unexpected token '-A' in expression or statement.
[2025-09-07 08:35:32] [ERROR] Line 406: Unexpected token ':' in expression or statement.
[2025-09-07 08:35:32] [ERROR] Line 407: Unexpected token '-B' in expression or statement.
[2025-09-07 08:35:32] [ERROR] Line 407: Unexpected token ':' in expression or statement.
[2025-09-07 08:35:32] [ERROR] Line 408: Unexpected token '-C' in expression or statement.
[2025-09-07 08:35:32] [ERROR] Line 408: Unexpected token ':' in expression or statement.
[2025-09-07 08:35:32] [ERROR] Line 409: Unexpected token '-D' in expression or statement.
[2025-09-07 08:35:32] [ERROR] Line 409: Unexpected token ':' in expression or statement.
[2025-09-07 08:35:32] [ERROR] Line 412: Unexpected token '-A' in expression or statement.
[2025-09-07 08:35:32] [ERROR] Line 412: Unexpected token ':' in expression or statement.
[2025-09-07 08:35:32] [ERROR] Line 413: Unexpected token '-B' in expression or statement.
[2025-09-07 08:35:32] [ERROR] Line 413: Unexpected token ':' in expression or statement.
[2025-09-07 08:35:32] [ERROR] Line 414: Unexpected token '-C' in expression or statement.
[2025-09-07 08:35:32] [ERROR] Line 414: Unexpected token ':' in expression or statement.
[2025-09-07 08:35:32] [ERROR] Line 415: Unexpected token '-D' in expression or statement.
[2025-09-07 08:35:32] [ERROR] Line 415: Unexpected token ':' in expression or statement.
[2025-09-07 08:35:32] [ERROR] Line 416: Unexpected token '-E' in expression or statement.
[2025-09-07 08:35:32] [ERROR] Line 416: Unexpected token ':' in expression or statement.
[2025-09-07 08:35:32] [ERROR] Line 419: Unexpected token '-A' in expression or statement.
[2025-09-07 08:35:32] [ERROR] Line 419: Unexpected token ':' in expression or statement.
[2025-09-07 08:35:32] [ERROR] Line 420: Unexpected token '-B' in expression or statement.
[2025-09-07 08:35:32] [ERROR] Line 420: Unexpected token ':' in expression or statement.
[2025-09-07 08:35:32] [ERROR] Line 421: Unexpected token '-C' in expression or statement.
[2025-09-07 08:35:32] [ERROR] Line 421: Unexpected token ':' in expression or statement.
[2025-09-07 08:35:32] [ERROR] Line 422: Unexpected token '-D' in expression or statement.
[2025-09-07 08:35:32] [ERROR] Line 422: Unexpected token ':' in expression or statement.
[2025-09-07 08:35:32] [ERROR] Line 425: Unexpected token '-A' in expression or statement.
[2025-09-07 08:35:32] [ERROR] Line 425: Unexpected token ':' in expression or statement.
[2025-09-07 08:35:32] [ERROR] Line 425: Unexpected token 'vs' in expression or statement.
[2025-09-07 08:35:32] [ERROR] Line 425: Missing closing ')' in expression.
[2025-09-07 08:35:32] [ERROR] Line 425: Unexpected token ')' in expression or statement.
[2025-09-07 08:35:32] [ERROR] Line 426: Unexpected token '-B' in expression or statement.
[2025-09-07 08:35:32] [ERROR] Line 426: Unexpected token ':' in expression or statement.
[2025-09-07 08:35:32] [ERROR] Line 426: Unexpected token 'pages' in expression or statement.
[2025-09-07 08:35:32] [ERROR] Line 426: Missing closing ')' in expression.
[2025-09-07 08:35:32] [ERROR] Line 426: Unexpected token ')' in expression or statement.
[2025-09-07 08:35:32] [ERROR] Line 427: Unexpected token '-C' in expression or statement.
[2025-09-07 08:35:32] [ERROR] Line 427: Unexpected token ':' in expression or statement.
[2025-09-07 08:35:32] [ERROR] Line 428: Unexpected token '-D' in expression or statement.
[2025-09-07 08:35:32] [ERROR] Line 428: Unexpected token ':' in expression or statement.
[2025-09-07 08:35:32] [ERROR] Line 431: Unexpected token '-A' in expression or statement.
[2025-09-07 08:35:32] [ERROR] Line 431: Unexpected token ':' in expression or statement.
[2025-09-07 08:35:32] [ERROR] Line 432: Unexpected token '-B' in expression or statement.
[2025-09-07 08:35:32] [ERROR] Line 432: Unexpected token ':' in expression or statement.
[2025-09-07 08:35:32] [ERROR] Line 433: Unexpected token '-C' in expression or statement.
[2025-09-07 08:35:32] [ERROR] Line 433: Unexpected token ':' in expression or statement.
[2025-09-07 08:35:32] [ERROR] Line 436: Unexpected token '-A' in expression or statement.
[2025-09-07 08:35:32] [ERROR] Line 436: Unexpected token ':' in expression or statement.
[2025-09-07 08:35:32] [ERROR] Line 437: Unexpected token '-B' in expression or statement.
[2025-09-07 08:35:32] [ERROR] Line 437: Unexpected token ':' in expression or statement.
[2025-09-07 08:35:33] [ERROR] Line 438: Unexpected token '-C' in expression or statement.
[2025-09-07 08:35:33] [ERROR] Line 438: Unexpected token ':' in expression or statement.
[2025-09-07 08:35:33] [ERROR] Line 439: Unexpected token '-D' in expression or statement.
[2025-09-07 08:35:33] [ERROR] Line 439: Unexpected token ':' in expression or statement.
[2025-09-07 08:35:33] [ERROR] Line 442: Unexpected token '-A' in expression or statement.
[2025-09-07 08:35:33] [ERROR] Line 442: Unexpected token ':' in expression or statement.
[2025-09-07 08:35:33] [ERROR] Line 443: Unexpected token '-B' in expression or statement.
[2025-09-07 08:35:33] [ERROR] Line 443: Unexpected token ':' in expression or statement.
[2025-09-07 08:35:33] [ERROR] Line 444: Unexpected token '-C' in expression or statement.
[2025-09-07 08:35:33] [ERROR] Line 444: Unexpected token ':' in expression or statement.
[2025-09-07 08:35:33] [ERROR] Line 445: Unexpected token '-D' in expression or statement.
[2025-09-07 08:35:33] [ERROR] Line 445: Unexpected token ':' in expression or statement.
[2025-09-07 08:35:33] [ERROR] Line 452: Unexpected token '$DocumentsDir\COURT_EXHIBIT_LIST.txt"
$ExhibitList | Out-File -FilePath $ExhibitListPath -Encoding UTF8

Write-Host "‚úì Court exhibit list created: $ExhibitListPath"' in expression or statement.
[2025-09-07 08:35:33] [ERROR] Line 452: Unexpected token '\COURT_EXHIBIT_LIST.txt"
$ExhibitList | Out-File -FilePath $ExhibitListPath -Encoding UTF8

Write-Host "‚úì Court exhibit list created: $ExhibitListPath"' in expression or statement.
[2025-09-07 08:35:33] [ERROR] Line 603: Missing argument in parameter list.
[2025-09-07 08:35:33] [ERROR] Line 610: Missing argument in parameter list.
[2025-09-07 08:35:33] [ERROR] Line 616: Missing argument in parameter list.
[2025-09-07 08:35:33] [ERROR] Line 622: Missing argument in parameter list.
[2025-09-07 08:35:33] [ERROR] Line 623: Unexpected token '-hour' in expression or statement.
[2025-09-07 08:35:33] [ERROR] Line 623: Unexpected token 'service' in expression or statement.
[2025-09-07 08:35:33] [ERROR] Line 623: Missing closing ')' in expression.
[2025-09-07 08:35:33] [ERROR] Line 623: Unexpected token ')' in expression or statement.
[2025-09-07 08:35:33] [ERROR] Line 628: Missing argument in parameter list.
[2025-09-07 08:35:33] [ERROR] Line 674: Missing expression after unary operator '-'.
[2025-09-07 08:35:33] [ERROR] Line 674: Unexpected token 'October' in expression or statement.
[2025-09-07 08:35:33] [ERROR] Line 675: Missing expression after unary operator '-'.
[2025-09-07 08:35:33] [ERROR] Line 675: Unexpected token 'October' in expression or statement.
[2025-09-07 08:35:33] [ERROR] Line 676: Missing expression after unary operator '-'.
[2025-09-07 08:35:33] [ERROR] Line 676: Unexpected token 'September' in expression or statement.
[2025-09-07 08:35:33] [ERROR] Line 677: Missing expression after unary operator '-'.
[2025-09-07 08:35:33] [ERROR] Line 677: Unexpected token 'September' in expression or statement.
[2025-09-07 08:35:33] [ERROR] Line 683: Unexpected token '$DocumentsDir\EXECUTION_TIMELINE.txt"
$ExecutionTimeline | Out-File -FilePath $TimelinePath -Encoding UTF8

Write-Host "‚úì Execution timeline created: $TimelinePath"' in expression or statement.
[2025-09-07 08:35:33] [ERROR] Line 683: Unexpected token '\EXECUTION_TIMELINE.txt"
$ExecutionTimeline | Out-File -FilePath $TimelinePath -Encoding UTF8

Write-Host "‚úì Execution timeline created: $TimelinePath"' in expression or statement.
[2025-09-07 08:35:33] [ERROR] Line 748: The string is missing the terminator: ".
[2025-09-07 08:35:33] [WARNING] Some syntax errors remain - manual review needed
[2025-09-07 08:35:33] [INFO] Attempting to fix PowerShell syntax errors in C:\Users\Muddm\Downloads\quick_evidence_scan.ps1
[2025-09-07 08:35:33] [WARNING] No automatic fixes available for these errors
[2025-09-07 08:35:33] [INFO] Attempting to fix PowerShell syntax errors in C:\Users\Muddm\Downloads\SEARCH_THREE_DRIVES.ps1
[2025-09-07 08:35:33] [WARNING] No automatic fixes available for these errors
[2025-09-07 08:35:33] [INFO] Attempting to fix PowerShell syntax errors in C:\Users\Muddm\Downloads\SIMPLE_AUTOMATION.ps1
[2025-09-07 08:35:33] [INFO] Fixing unexpected token issue
[2025-09-07 08:35:33] [INFO] Fixing unexpected token issue
[2025-09-07 08:35:33] [INFO] Fixing unexpected token issue
[2025-09-07 08:35:33] [INFO] Fixing unexpected token issue
[2025-09-07 08:35:33] [INFO] Fixing unexpected token issue
[2025-09-07 08:35:33] [INFO] Fixing unexpected token issue
[2025-09-07 08:35:33] [INFO] Backed up SIMPLE_AUTOMATION.ps1 to C:\Users\Muddm\Downloads\terminal_fix_backups\SIMPLE_AUTOMATION.ps1.backup_20250907_083533
[2025-09-07 08:35:33] [SUCCESS] Applied syntax fixes to C:\Users\Muddm\Downloads\SIMPLE_AUTOMATION.ps1
[2025-09-07 08:35:33] [INFO] Checking PowerShell syntax for: C:\Users\Muddm\Downloads\SIMPLE_AUTOMATION.ps1
[2025-09-07 08:35:33] [WARNING] Found 2 syntax errors in C:\Users\Muddm\Downloads\SIMPLE_AUTOMATION.ps1
[2025-09-07 08:35:33] [ERROR] Line 91: Unexpected token '$OutputDir\DISCOVERY_SUMMARY.txt"

Write-Host "========================================" -ForegroundColor Yellow
Write-Host "üèÜ' in expression or statement.
[2025-09-07 08:35:33] [ERROR] Line 91: Unexpected token '\DISCOVERY_SUMMARY.txt"

Write-Host "========================================" -ForegroundColor Yellow
Write-Host "üèÜ' in expression or statement.
[2025-09-07 08:35:33] [WARNING] Some syntax errors remain - manual review needed
[2025-09-07 08:35:34] [INFO] Analyzing runtime errors for automatic fixes...
[2025-09-07 08:35:34] [SUCCESS] Fix report saved to: C:\Users\Muddm\Downloads\TERMINAL_FIX_REPORT.md
[2025-09-07 08:35:34] [INFO] === TERMINAL ERROR AUTO-FIXER COMPLETE ===
[2025-09-07 08:35:34] [INFO] Check C:\Users\Muddm\Downloads\TERMINAL_FIX_REPORT.md for detailed results
[2025-09-07 08:35:34] [INFO] Results folder opened automatically
[2025-09-07 09:06:27] [INFO] === TERMINAL ERROR AUTO-FIXER STARTED ===
[2025-09-07 09:06:27] [INFO] Starting comprehensive terminal error analysis...
[2025-09-07 09:06:27] [INFO] Checking for missing dependencies...
[2025-09-07 09:06:27] [WARNING] Ollama is not installed - this may cause 404 errors
[2025-09-07 09:06:27] [INFO] Scanning for problematic files...
[2025-09-07 09:06:28] [INFO] Checking script: COMPLETE_FINANCIAL_EXTRACTION.ps1
[2025-09-07 09:06:28] [INFO] Checking PowerShell syntax for: C:\Users\Muddm\Downloads\COMPLETE_FINANCIAL_EXTRACTION.ps1
[2025-09-07 09:06:28] [WARNING] Found 5 syntax errors in C:\Users\Muddm\Downloads\COMPLETE_FINANCIAL_EXTRACTION.ps1
[2025-09-07 09:06:28] [ERROR] Line 33: Array index expression is missing or not valid.
[2025-09-07 09:06:28] [ERROR] Line 142: Unexpected token 'files' in expression or statement.
[2025-09-07 09:06:28] [ERROR] Line 142: Missing closing ')' in expression.
[2025-09-07 09:06:28] [ERROR] Line 142: Unexpected token ')' in expression or statement.
[2025-09-07 09:06:28] [ERROR] Line 142: The string is missing the terminator: ".
[2025-09-07 09:06:28] [INFO] Checking script: COMPLETE_PROJECT_AUTOMATION.ps1
[2025-09-07 09:06:28] [INFO] Checking PowerShell syntax for: C:\Users\Muddm\Downloads\COMPLETE_PROJECT_AUTOMATION.ps1
[2025-09-07 09:06:28] [WARNING] Found 81 syntax errors in C:\Users\Muddm\Downloads\COMPLETE_PROJECT_AUTOMATION.ps1
[2025-09-07 09:06:28] [ERROR] Line 90: Array index expression is missing or not valid.
[2025-09-07 09:06:28] [ERROR] Line 375: Missing expression after unary operator '-'.
[2025-09-07 09:06:28] [ERROR] Line 375: Unexpected token 'Professional' in expression or statement.
[2025-09-07 09:06:28] [ERROR] Line 376: Missing expression after unary operator '-'.
[2025-09-07 09:06:28] [ERROR] Line 376: Unexpected token 'Financial' in expression or statement.
[2025-09-07 09:06:29] [ERROR] Line 377: Missing expression after unary operator '-'.
[2025-09-07 09:06:29] [ERROR] Line 377: Unexpected token 'Evidence' in expression or statement.
[2025-09-07 09:06:29] [ERROR] Line 380: Missing expression after unary operator '-'.
[2025-09-07 09:06:29] [ERROR] Line 380: You must provide a value expression following the '*' operator.
[2025-09-07 09:06:29] [ERROR] Line 380: You must provide a value expression following the '*' operator.
[2025-09-07 09:06:29] [ERROR] Line 380: Unexpected token 'Criminal' in expression or statement.
[2025-09-07 09:06:29] [ERROR] Line 381: Missing expression after unary operator '-'.
[2025-09-07 09:06:29] [ERROR] Line 381: You must provide a value expression following the '*' operator.
[2025-09-07 09:06:29] [ERROR] Line 381: You must provide a value expression following the '*' operator.
[2025-09-07 09:06:29] [ERROR] Line 381: Unexpected token 'Civil' in expression or statement.
[2025-09-07 09:06:29] [ERROR] Line 382: Missing expression after unary operator '-'.
[2025-09-07 09:06:29] [ERROR] Line 382: You must provide a value expression following the '*' operator.
[2025-09-07 09:06:29] [ERROR] Line 382: You must provide a value expression following the '*' operator.
[2025-09-07 09:06:29] [ERROR] Line 382: Unexpected token 'Court' in expression or statement.
[2025-09-07 09:06:29] [ERROR] Line 387: Missing expression after unary operator '-'.
[2025-09-07 09:06:29] [ERROR] Line 387: Unexpected token 'Manual' in expression or statement.
[2025-09-07 09:06:29] [ERROR] Line 388: Missing expression after unary operator '-'.
[2025-09-07 09:06:29] [ERROR] Line 388: Unexpected token 'Unknown' in expression or statement.
[2025-09-07 09:06:29] [ERROR] Line 389: Missing expression after unary operator '-'.
[2025-09-07 09:06:29] [ERROR] Line 389: Unexpected token 'Time-intensive' in expression or statement.
[2025-09-07 09:06:29] [ERROR] Line 390: Missing expression after unary operator '-'.
[2025-09-07 09:06:29] [ERROR] Line 390: Unexpected token 'Uncertain' in expression or statement.
[2025-09-07 09:06:29] [ERROR] Line 393: Missing expression after unary operator '-'.
[2025-09-07 09:06:29] [ERROR] Line 393: Unexpected token 'Complete' in expression or statement.
[2025-09-07 09:06:29] [ERROR] Line 394: Missing expression after unary operator '-'.
[2025-09-07 09:06:29] [ERROR] Line 394: Unexpected token 'Quantified' in expression or statement.
[2025-09-07 09:06:29] [ERROR] Line 395: Missing expression after unary operator '-'.
[2025-09-07 09:06:29] [ERROR] Line 395: Unexpected token 'Organized' in expression or statement.
[2025-09-07 09:06:29] [ERROR] Line 396: Missing expression after unary operator '-'.
[2025-09-07 09:06:29] [ERROR] Line 396: Unexpected token 'Professional' in expression or statement.
[2025-09-07 09:06:29] [ERROR] Line 401: Missing expression after unary operator '-'.
[2025-09-07 09:06:29] [ERROR] Line 401: You must provide a value expression following the '*' operator.
[2025-09-07 09:06:29] [ERROR] Line 401: You must provide a value expression following the '*' operator.
[2025-09-07 09:06:29] [ERROR] Line 401: Unexpected token 'Conservative' in expression or statement.
[2025-09-07 09:06:29] [ERROR] Line 401: You must provide a value expression following the '%' operator.
[2025-09-07 09:06:29] [ERROR] Line 402: Missing expression after unary operator '-'.
[2025-09-07 09:06:29] [ERROR] Line 402: You must provide a value expression following the '*' operator.
[2025-09-07 09:06:29] [ERROR] Line 402: You must provide a value expression following the '*' operator.
[2025-09-07 09:06:29] [ERROR] Line 402: Unexpected token 'Moderate' in expression or statement.
[2025-09-07 09:06:29] [ERROR] Line 402: You must provide a value expression following the '%' operator.
[2025-09-07 09:06:29] [ERROR] Line 403: Missing expression after unary operator '-'.
[2025-09-07 09:06:29] [ERROR] Line 403: You must provide a value expression following the '*' operator.
[2025-09-07 09:06:29] [ERROR] Line 403: You must provide a value expression following the '*' operator.
[2025-09-07 09:06:29] [ERROR] Line 403: Unexpected token 'Aggressive' in expression or statement.
[2025-09-07 09:06:29] [ERROR] Line 403: You must provide a value expression following the '%' operator.
[2025-09-07 09:06:29] [ERROR] Line 406: Missing expression after unary operator '-'.
[2025-09-07 09:06:29] [ERROR] Line 406: You must provide a value expression following the '*' operator.
[2025-09-07 09:06:29] [ERROR] Line 406: You must provide a value expression following the '*' operator.
[2025-09-07 09:06:30] [ERROR] Line 406: Unexpected token 'Audio' in expression or statement.
[2025-09-07 09:06:30] [ERROR] Line 407: Missing expression after unary operator '-'.
[2025-09-07 09:06:30] [ERROR] Line 407: You must provide a value expression following the '*' operator.
[2025-09-07 09:06:30] [ERROR] Line 407: You must provide a value expression following the '*' operator.
[2025-09-07 09:06:30] [ERROR] Line 407: Unexpected token 'Video' in expression or statement.
[2025-09-07 09:06:30] [ERROR] Line 408: Missing expression after unary operator '-'.
[2025-09-07 09:06:30] [ERROR] Line 408: You must provide a value expression following the '*' operator.
[2025-09-07 09:06:30] [ERROR] Line 408: You must provide a value expression following the '*' operator.
[2025-09-07 09:06:30] [ERROR] Line 408: Unexpected token 'Documentation:**' in expression or statement.
[2025-09-07 09:06:30] [ERROR] Line 414: Missing expression after unary operator '-'.
[2025-09-07 09:06:30] [ERROR] Line 414: Unexpected token '01_FINANCIAL_ANALYSIS:' in expression or statement.
[2025-09-07 09:06:30] [ERROR] Line 415: Missing expression after unary operator '-'.
[2025-09-07 09:06:30] [ERROR] Line 415: Unexpected token '02_CRIMINAL_EVIDENCE:' in expression or statement.
[2025-09-07 09:06:30] [ERROR] Line 416: Missing expression after unary operator '-'.
[2025-09-07 09:06:30] [ERROR] Line 416: Unexpected token '03_CIVIL_LAWSUIT:' in expression or statement.
[2025-09-07 09:06:30] [ERROR] Line 417: Missing expression after unary operator '-'.
[2025-09-07 09:06:30] [ERROR] Line 417: Unexpected token '04_COURT_PREPARATION:' in expression or statement.
[2025-09-07 09:06:30] [ERROR] Line 418: Missing expression after unary operator '-'.
[2025-09-07 09:06:30] [ERROR] Line 418: Unexpected token '05_PROFESSIONAL_SERVICES:' in expression or statement.
[2025-09-07 09:06:30] [ERROR] Line 419: Missing expression after unary operator '-'.
[2025-09-07 09:06:30] [ERROR] Line 419: Unexpected token '06_AUTOMATED_REPORTS:' in expression or statement.
[2025-09-07 09:06:30] [ERROR] Line 420: Missing expression after unary operator '-'.
[2025-09-07 09:06:30] [ERROR] Line 420: Unexpected token '07_EVIDENCE_INVENTORY:' in expression or statement.
[2025-09-07 09:06:30] [ERROR] Line 421: Missing expression after unary operator '-'.
[2025-09-07 09:06:30] [ERROR] Line 421: Unexpected token '08_LEGAL_FILINGS:' in expression or statement.
[2025-09-07 09:06:30] [ERROR] Line 433: Unexpected token '$BaseDir\MASTER_AUTOMATION_SUMMARY.md" -Encoding UTF8

# Final completion message
Write-Host "===============================================" -ForegroundColor Yellow
Write-Host "üèÜ' in expression or statement.
[2025-09-07 09:06:30] [ERROR] Line 433: Unexpected token '\MASTER_AUTOMATION_SUMMARY.md" -Encoding UTF8

# Final completion message
Write-Host "===============================================" -ForegroundColor Yellow
Write-Host "üèÜ' in expression or statement.
[2025-09-07 09:06:30] [ERROR] Line 454: The string is missing the terminator: ".
[2025-09-07 09:06:30] [INFO] Checking script: evidence_analysis_automation.ps1
[2025-09-07 09:06:30] [INFO] Checking PowerShell syntax for: C:\Users\Muddm\Downloads\evidence_analysis_automation.ps1
[2025-09-07 09:06:30] [WARNING] Found 2 syntax errors in C:\Users\Muddm\Downloads\evidence_analysis_automation.ps1
[2025-09-07 09:06:30] [ERROR] Line 37: Unexpected token '}' in expression or statement.
[2025-09-07 09:06:30] [ERROR] Line 313: The string is missing the terminator: ".
[2025-09-07 09:06:30] [INFO] Checking script: EXECUTE_LEGAL_STRATEGY.ps1
[2025-09-07 09:06:30] [INFO] Checking PowerShell syntax for: C:\Users\Muddm\Downloads\EXECUTE_LEGAL_STRATEGY.ps1
[2025-09-07 09:06:30] [WARNING] Found 149 syntax errors in C:\Users\Muddm\Downloads\EXECUTE_LEGAL_STRATEGY.ps1
[2025-09-07 09:06:30] [ERROR] Line 255: Missing argument in parameter list.
[2025-09-07 09:06:30] [ERROR] Line 257: Missing closing ')' in expression.
[2025-09-07 09:06:30] [ERROR] Line 261: Unexpected token ')' in expression or statement.
[2025-09-07 09:06:30] [ERROR] Line 269: Unexpected token 'Plaintiff' in expression or statement.
[2025-09-07 09:06:30] [ERROR] Line 271: Unexpected token 'Defendant' in expression or statement.
[2025-09-07 09:06:30] [ERROR] Line 273: Unexpected token 'This' in expression or statement.
[2025-09-07 09:06:30] [ERROR] Line 275: Unexpected token 'Venue' in expression or statement.
[2025-09-07 09:06:30] [ERROR] Line 279: Unexpected token 'From' in expression or statement.
[2025-09-07 09:06:30] [ERROR] Line 279: The 'from' keyword is not supported in this version of the language.
[2025-09-07 09:06:30] [ERROR] Line 281: Unexpected token 'During' in expression or statement.
[2025-09-07 09:06:30] [ERROR] Line 283: Unexpected token 'The' in expression or statement.
[2025-09-07 09:06:30] [ERROR] Line 285: Unexpected token 'Beginning' in expression or statement.
[2025-09-07 09:06:31] [ERROR] Line 291: Unexpected token 'The' in expression or statement.
[2025-09-07 09:06:31] [ERROR] Line 294: Unexpected token ')' in expression or statement.
[2025-09-07 09:06:31] [ERROR] Line 295: Unexpected token ')' in expression or statement.
[2025-09-07 09:06:31] [ERROR] Line 296: Unexpected token ')' in expression or statement.
[2025-09-07 09:06:31] [ERROR] Line 298: Unexpected token 'Plaintiff' in expression or statement.
[2025-09-07 09:06:31] [ERROR] Line 302: Unexpected token 'Defendant' in expression or statement.
[2025-09-07 09:06:31] [ERROR] Line 306: Unexpected token 'Plaintiff' in expression or statement.
[2025-09-07 09:06:31] [ERROR] Line 310: Unexpected token 'Defendant's conduct was extreme, outrageous, and beyond the bounds of human decency.

5.2 Audio recordings document systematic psychological abuse campaign.

5.3 Plaintiff has suffered severe emotional distress as evidenced by documented psychological transformation.

5.4 Plaintiff seeks compensatory damages of $500,000-$1,000,000.

COUNT IV - THEFT/CONVERSION

6.1 Defendant unlawfully converted $580,000+ in business assets and corporate resources.

6.2 Defendant exploited corporate officer position for personal financial gain.

6.3 Treble damages are available under Washington law totaling $1,740,000.

COUNT V - STALKING CIVIL DAMAGES

7.1 Screen recordings document obsessive digital surveillance constituting civil stalking.

7.2 Pattern of unwanted contact and location tracking violates privacy rights.

7.3 Plaintiff seeks civil damages for invasion of privacy and emotional distress totaling $100,000-$500,000.

IV. PRAYER FOR RELIEF

WHEREFORE, Plaintiff respectfully requests this Court:

A. Award compensatory damages in excess of $2,000,000;
B. Award treble damages on theft claims totaling $1,740,000;
C. Award punitive damages of $1,000,000;
D. Award medical privacy violation penalties totaling $100,000;
E. Award attorney fees and costs;
F. Enter permanent injunctive relief prohibiting further harassment;
G. Order asset preservation and accounting;
H. Grant such other relief as this Court deems just and proper.

DATED this 8th day of September, 2025.

                                    _____________________________
                                    William Orley Miller Jr.
                                    Pro Se Plaintiff
                                    [Your Address]
                                    [Your Phone]
                                    [Your Email]

STATE OF WASHINGTON  )
                     ) ss.
COUNTY OF SNOHOMISH  )

I, William Orley Miller Jr., declare under penalty of perjury under the laws of the State of Washington that the foregoing is true and correct.

DATED this 8th day of September, 2025.

                                    _____________________________
                                    William Orley Miller Jr.
"@

$CivilLawsuitPath = "$FilingsDir\CIVIL_LAWSUIT_COMPLAINT.txt"
$CivilLawsuit | Out-File -FilePath $CivilLawsuitPath -Encoding UTF8

Write-Host "‚úì Civil lawsuit complaint created: $CivilLawsuitPath" -ForegroundColor Blue

# PHASE 3: COURT PREPARATION
Write-Host "üèõÔ∏è PHASE 3: COURT PREPARATION" -ForegroundColor Magenta

# Court Exhibit List
$ExhibitList = @"
EXHIBIT LIST - OCTOBER 10, 2025 HEARING
MILLER v. BRIGHTWELL - CIR PROPERTY RECOVERY CASE

PLAINTIFF'S' in expression or statement.
[2025-09-07 09:06:31] [ERROR] Line 384: Unexpected token '-A' in expression or statement.
[2025-09-07 09:06:31] [ERROR] Line 384: Unexpected token ':' in expression or statement.
[2025-09-07 09:06:31] [ERROR] Line 385: Unexpected token '-B' in expression or statement.
[2025-09-07 09:06:31] [ERROR] Line 385: Unexpected token ':' in expression or statement.
[2025-09-07 09:06:31] [ERROR] Line 386: Unexpected token '-C' in expression or statement.
[2025-09-07 09:06:31] [ERROR] Line 386: Unexpected token ':' in expression or statement.
[2025-09-07 09:06:31] [ERROR] Line 387: Unexpected token '-D' in expression or statement.
[2025-09-07 09:06:31] [ERROR] Line 387: Unexpected token ':' in expression or statement.
[2025-09-07 09:06:31] [ERROR] Line 388: Unexpected token '-E' in expression or statement.
[2025-09-07 09:06:31] [ERROR] Line 388: Unexpected token ':' in expression or statement.
[2025-09-07 09:06:31] [ERROR] Line 391: Unexpected token '-A' in expression or statement.
[2025-09-07 09:06:31] [ERROR] Line 391: Unexpected token ':' in expression or statement.
[2025-09-07 09:06:31] [ERROR] Line 392: Unexpected token '-B' in expression or statement.
[2025-09-07 09:06:31] [ERROR] Line 392: Unexpected token ':' in expression or statement.
[2025-09-07 09:06:31] [ERROR] Line 392: Unexpected token 'documents' in expression or statement.
[2025-09-07 09:06:31] [ERROR] Line 392: Missing closing ')' in expression.
[2025-09-07 09:06:31] [ERROR] Line 392: Unexpected token ')' in expression or statement.
[2025-09-07 09:06:31] [ERROR] Line 393: Unexpected token '-C' in expression or statement.
[2025-09-07 09:06:31] [ERROR] Line 393: Unexpected token ':' in expression or statement.
[2025-09-07 09:06:31] [ERROR] Line 394: Unexpected token '-D' in expression or statement.
[2025-09-07 09:06:31] [ERROR] Line 394: Unexpected token ':' in expression or statement.
[2025-09-07 09:06:31] [ERROR] Line 394: Unexpected token 'total' in expression or statement.
[2025-09-07 09:06:31] [ERROR] Line 394: Missing closing ')' in expression.
[2025-09-07 09:06:31] [ERROR] Line 394: Unexpected token ')' in expression or statement.
[2025-09-07 09:06:31] [ERROR] Line 395: Unexpected token '-E' in expression or statement.
[2025-09-07 09:06:31] [ERROR] Line 395: Unexpected token ':' in expression or statement.
[2025-09-07 09:06:31] [ERROR] Line 395: Unexpected token 'verified' in expression or statement.
[2025-09-07 09:06:31] [ERROR] Line 395: Missing closing ')' in expression.
[2025-09-07 09:06:31] [ERROR] Line 395: Unexpected token ')' in expression or statement.
[2025-09-07 09:06:31] [ERROR] Line 396: You must provide a value expression following the '-F' operator.
[2025-09-07 09:06:31] [ERROR] Line 396: Unexpected token ':' in expression or statement.
[2025-09-07 09:06:31] [ERROR] Line 396: You must provide a value expression following the '+' operator.
[2025-09-07 09:06:31] [ERROR] Line 399: Unexpected token '-A' in expression or statement.
[2025-09-07 09:06:32] [ERROR] Line 399: Unexpected token ':' in expression or statement.
[2025-09-07 09:06:32] [ERROR] Line 400: Unexpected token '-B' in expression or statement.
[2025-09-07 09:06:32] [ERROR] Line 400: Unexpected token ':' in expression or statement.
[2025-09-07 09:06:32] [ERROR] Line 400: Unexpected token 'over' in expression or statement.
[2025-09-07 09:06:32] [ERROR] Line 400: Missing closing ')' in expression.
[2025-09-07 09:06:32] [ERROR] Line 400: Unexpected token ')' in expression or statement.
[2025-09-07 09:06:32] [ERROR] Line 401: Unexpected token '-C' in expression or statement.
[2025-09-07 09:06:32] [ERROR] Line 401: Unexpected token ':' in expression or statement.
[2025-09-07 09:06:32] [ERROR] Line 402: Unexpected token '-D' in expression or statement.
[2025-09-07 09:06:32] [ERROR] Line 402: Unexpected token ':' in expression or statement.
[2025-09-07 09:06:32] [ERROR] Line 403: Unexpected token '-E' in expression or statement.
[2025-09-07 09:06:32] [ERROR] Line 403: Unexpected token ':' in expression or statement.
[2025-09-07 09:06:32] [ERROR] Line 406: Unexpected token '-A' in expression or statement.
[2025-09-07 09:06:32] [ERROR] Line 406: Unexpected token ':' in expression or statement.
[2025-09-07 09:06:32] [ERROR] Line 407: Unexpected token '-B' in expression or statement.
[2025-09-07 09:06:32] [ERROR] Line 407: Unexpected token ':' in expression or statement.
[2025-09-07 09:06:32] [ERROR] Line 408: Unexpected token '-C' in expression or statement.
[2025-09-07 09:06:32] [ERROR] Line 408: Unexpected token ':' in expression or statement.
[2025-09-07 09:06:32] [ERROR] Line 409: Unexpected token '-D' in expression or statement.
[2025-09-07 09:06:32] [ERROR] Line 409: Unexpected token ':' in expression or statement.
[2025-09-07 09:06:32] [ERROR] Line 412: Unexpected token '-A' in expression or statement.
[2025-09-07 09:06:32] [ERROR] Line 412: Unexpected token ':' in expression or statement.
[2025-09-07 09:06:32] [ERROR] Line 413: Unexpected token '-B' in expression or statement.
[2025-09-07 09:06:32] [ERROR] Line 413: Unexpected token ':' in expression or statement.
[2025-09-07 09:06:32] [ERROR] Line 414: Unexpected token '-C' in expression or statement.
[2025-09-07 09:06:32] [ERROR] Line 414: Unexpected token ':' in expression or statement.
[2025-09-07 09:06:32] [ERROR] Line 415: Unexpected token '-D' in expression or statement.
[2025-09-07 09:06:32] [ERROR] Line 415: Unexpected token ':' in expression or statement.
[2025-09-07 09:06:32] [ERROR] Line 416: Unexpected token '-E' in expression or statement.
[2025-09-07 09:06:32] [ERROR] Line 416: Unexpected token ':' in expression or statement.
[2025-09-07 09:06:32] [ERROR] Line 419: Unexpected token '-A' in expression or statement.
[2025-09-07 09:06:32] [ERROR] Line 419: Unexpected token ':' in expression or statement.
[2025-09-07 09:06:32] [ERROR] Line 420: Unexpected token '-B' in expression or statement.
[2025-09-07 09:06:32] [ERROR] Line 420: Unexpected token ':' in expression or statement.
[2025-09-07 09:06:32] [ERROR] Line 421: Unexpected token '-C' in expression or statement.
[2025-09-07 09:06:32] [ERROR] Line 421: Unexpected token ':' in expression or statement.
[2025-09-07 09:06:32] [ERROR] Line 422: Unexpected token '-D' in expression or statement.
[2025-09-07 09:06:32] [ERROR] Line 422: Unexpected token ':' in expression or statement.
[2025-09-07 09:06:32] [ERROR] Line 425: Unexpected token '-A' in expression or statement.
[2025-09-07 09:06:32] [ERROR] Line 425: Unexpected token ':' in expression or statement.
[2025-09-07 09:06:32] [ERROR] Line 425: Unexpected token 'vs' in expression or statement.
[2025-09-07 09:06:32] [ERROR] Line 425: Missing closing ')' in expression.
[2025-09-07 09:06:32] [ERROR] Line 425: Unexpected token ')' in expression or statement.
[2025-09-07 09:06:32] [ERROR] Line 426: Unexpected token '-B' in expression or statement.
[2025-09-07 09:06:32] [ERROR] Line 426: Unexpected token ':' in expression or statement.
[2025-09-07 09:06:32] [ERROR] Line 426: Unexpected token 'pages' in expression or statement.
[2025-09-07 09:06:33] [ERROR] Line 426: Missing closing ')' in expression.
[2025-09-07 09:06:33] [ERROR] Line 426: Unexpected token ')' in expression or statement.
[2025-09-07 09:06:33] [ERROR] Line 427: Unexpected token '-C' in expression or statement.
[2025-09-07 09:06:33] [ERROR] Line 427: Unexpected token ':' in expression or statement.
[2025-09-07 09:06:33] [ERROR] Line 428: Unexpected token '-D' in expression or statement.
[2025-09-07 09:06:33] [ERROR] Line 428: Unexpected token ':' in expression or statement.
[2025-09-07 09:06:33] [ERROR] Line 431: Unexpected token '-A' in expression or statement.
[2025-09-07 09:06:33] [ERROR] Line 431: Unexpected token ':' in expression or statement.
[2025-09-07 09:06:33] [ERROR] Line 432: Unexpected token '-B' in expression or statement.
[2025-09-07 09:06:33] [ERROR] Line 432: Unexpected token ':' in expression or statement.
[2025-09-07 09:06:33] [ERROR] Line 433: Unexpected token '-C' in expression or statement.
[2025-09-07 09:06:33] [ERROR] Line 433: Unexpected token ':' in expression or statement.
[2025-09-07 09:06:33] [ERROR] Line 436: Unexpected token '-A' in expression or statement.
[2025-09-07 09:06:33] [ERROR] Line 436: Unexpected token ':' in expression or statement.
[2025-09-07 09:06:33] [ERROR] Line 437: Unexpected token '-B' in expression or statement.
[2025-09-07 09:06:33] [ERROR] Line 437: Unexpected token ':' in expression or statement.
[2025-09-07 09:06:33] [ERROR] Line 438: Unexpected token '-C' in expression or statement.
[2025-09-07 09:06:33] [ERROR] Line 438: Unexpected token ':' in expression or statement.
[2025-09-07 09:06:33] [ERROR] Line 439: Unexpected token '-D' in expression or statement.
[2025-09-07 09:06:33] [ERROR] Line 439: Unexpected token ':' in expression or statement.
[2025-09-07 09:06:33] [ERROR] Line 442: Unexpected token '-A' in expression or statement.
[2025-09-07 09:06:33] [ERROR] Line 442: Unexpected token ':' in expression or statement.
[2025-09-07 09:06:33] [ERROR] Line 443: Unexpected token '-B' in expression or statement.
[2025-09-07 09:06:33] [ERROR] Line 443: Unexpected token ':' in expression or statement.
[2025-09-07 09:06:33] [ERROR] Line 444: Unexpected token '-C' in expression or statement.
[2025-09-07 09:06:33] [ERROR] Line 444: Unexpected token ':' in expression or statement.
[2025-09-07 09:06:33] [ERROR] Line 445: Unexpected token '-D' in expression or statement.
[2025-09-07 09:06:33] [ERROR] Line 445: Unexpected token ':' in expression or statement.
[2025-09-07 09:06:33] [ERROR] Line 452: Unexpected token '$DocumentsDir\COURT_EXHIBIT_LIST.txt"
$ExhibitList | Out-File -FilePath $ExhibitListPath -Encoding UTF8

Write-Host "‚úì Court exhibit list created: $ExhibitListPath"' in expression or statement.
[2025-09-07 09:06:33] [ERROR] Line 452: Unexpected token '\COURT_EXHIBIT_LIST.txt"
$ExhibitList | Out-File -FilePath $ExhibitListPath -Encoding UTF8

Write-Host "‚úì Court exhibit list created: $ExhibitListPath"' in expression or statement.
[2025-09-07 09:06:33] [ERROR] Line 603: Missing argument in parameter list.
[2025-09-07 09:06:33] [ERROR] Line 610: Missing argument in parameter list.
[2025-09-07 09:06:33] [ERROR] Line 616: Missing argument in parameter list.
[2025-09-07 09:06:33] [ERROR] Line 622: Missing argument in parameter list.
[2025-09-07 09:06:33] [ERROR] Line 623: Unexpected token '-hour' in expression or statement.
[2025-09-07 09:06:33] [ERROR] Line 623: Unexpected token 'service' in expression or statement.
[2025-09-07 09:06:33] [ERROR] Line 623: Missing closing ')' in expression.
[2025-09-07 09:06:33] [ERROR] Line 623: Unexpected token ')' in expression or statement.
[2025-09-07 09:06:33] [ERROR] Line 628: Missing argument in parameter list.
[2025-09-07 09:06:33] [ERROR] Line 674: Missing expression after unary operator '-'.
[2025-09-07 09:06:33] [ERROR] Line 674: Unexpected token 'October' in expression or statement.
[2025-09-07 09:06:33] [ERROR] Line 675: Missing expression after unary operator '-'.
[2025-09-07 09:06:33] [ERROR] Line 675: Unexpected token 'October' in expression or statement.
[2025-09-07 09:06:33] [ERROR] Line 676: Missing expression after unary operator '-'.
[2025-09-07 09:06:34] [ERROR] Line 676: Unexpected token 'September' in expression or statement.
[2025-09-07 09:06:34] [ERROR] Line 677: Missing expression after unary operator '-'.
[2025-09-07 09:06:34] [ERROR] Line 677: Unexpected token 'September' in expression or statement.
[2025-09-07 09:06:34] [ERROR] Line 683: Unexpected token '$DocumentsDir\EXECUTION_TIMELINE.txt"
$ExecutionTimeline | Out-File -FilePath $TimelinePath -Encoding UTF8

Write-Host "‚úì Execution timeline created: $TimelinePath"' in expression or statement.
[2025-09-07 09:06:34] [ERROR] Line 683: Unexpected token '\EXECUTION_TIMELINE.txt"
$ExecutionTimeline | Out-File -FilePath $TimelinePath -Encoding UTF8

Write-Host "‚úì Execution timeline created: $TimelinePath"' in expression or statement.
[2025-09-07 09:06:34] [ERROR] Line 748: The string is missing the terminator: ".
[2025-09-07 09:06:34] [INFO] Checking script: Fix_All_Terminal_Errors.ps1
[2025-09-07 09:06:34] [INFO] Checking PowerShell syntax for: C:\Users\Muddm\Downloads\Fix_All_Terminal_Errors.ps1
[2025-09-07 09:06:34] [SUCCESS] PowerShell syntax is valid for C:\Users\Muddm\Downloads\Fix_All_Terminal_Errors.ps1
[2025-09-07 09:06:34] [INFO] Checking script: fully_automated_ai_analysis.ps1
[2025-09-07 09:06:34] [INFO] Checking PowerShell syntax for: C:\Users\Muddm\Downloads\fully_automated_ai_analysis.ps1
[2025-09-07 09:06:34] [SUCCESS] PowerShell syntax is valid for C:\Users\Muddm\Downloads\fully_automated_ai_analysis.ps1
[2025-09-07 09:06:34] [INFO] Found API key handling in fully_automated_ai_analysis.ps1
[2025-09-07 09:06:34] [INFO] Checking script: FULLY_AUTOMATED_OFFLINE_ANALYSIS.ps1
[2025-09-07 09:06:34] [INFO] Checking PowerShell syntax for: C:\Users\Muddm\Downloads\FULLY_AUTOMATED_OFFLINE_ANALYSIS.ps1
[2025-09-07 09:06:34] [SUCCESS] PowerShell syntax is valid for C:\Users\Muddm\Downloads\FULLY_AUTOMATED_OFFLINE_ANALYSIS.ps1
[2025-09-07 09:06:34] [INFO] Checking script: FULL_AUTO_ANALYSIS.ps1
[2025-09-07 09:06:34] [INFO] Checking PowerShell syntax for: C:\Users\Muddm\Downloads\FULL_AUTO_ANALYSIS.ps1
[2025-09-07 09:06:34] [SUCCESS] PowerShell syntax is valid for C:\Users\Muddm\Downloads\FULL_AUTO_ANALYSIS.ps1
[2025-09-07 09:06:34] [INFO] Checking script: quick_evidence_scan.ps1
[2025-09-07 09:06:34] [INFO] Checking PowerShell syntax for: C:\Users\Muddm\Downloads\quick_evidence_scan.ps1
[2025-09-07 09:06:34] [WARNING] Found 2 syntax errors in C:\Users\Muddm\Downloads\quick_evidence_scan.ps1
[2025-09-07 09:06:34] [ERROR] Line 52: Missing closing '}' in statement block or type definition.
[2025-09-07 09:06:34] [ERROR] Line 49: Missing closing '}' in statement block or type definition.
[2025-09-07 09:06:34] [INFO] Checking script: run_ai_analysis.ps1
[2025-09-07 09:06:34] [INFO] Checking PowerShell syntax for: C:\Users\Muddm\Downloads\run_ai_analysis.ps1
[2025-09-07 09:06:34] [SUCCESS] PowerShell syntax is valid for C:\Users\Muddm\Downloads\run_ai_analysis.ps1
[2025-09-07 09:06:34] [INFO] Checking script: SEARCH_THREE_DRIVES.ps1
[2025-09-07 09:06:34] [INFO] Checking PowerShell syntax for: C:\Users\Muddm\Downloads\SEARCH_THREE_DRIVES.ps1
[2025-09-07 09:06:34] [WARNING] Found 1 syntax errors in C:\Users\Muddm\Downloads\SEARCH_THREE_DRIVES.ps1
[2025-09-07 09:06:34] [ERROR] Line 159: The string is missing the terminator: ".
[2025-09-07 09:06:34] [INFO] Checking script: SIMPLE_AUTOMATION.ps1
[2025-09-07 09:06:34] [INFO] Checking PowerShell syntax for: C:\Users\Muddm\Downloads\SIMPLE_AUTOMATION.ps1
[2025-09-07 09:06:34] [WARNING] Found 2 syntax errors in C:\Users\Muddm\Downloads\SIMPLE_AUTOMATION.ps1
[2025-09-07 09:06:34] [ERROR] Line 91: Unexpected token '$OutputDir\DISCOVERY_SUMMARY.txt" -Encoding UTF8

Write-Host "========================================" -ForegroundColor Yellow
Write-Host "üèÜ' in expression or statement.
[2025-09-07 09:06:34] [ERROR] Line 91: Unexpected token '\DISCOVERY_SUMMARY.txt" -Encoding UTF8

Write-Host "========================================" -ForegroundColor Yellow
Write-Host "üèÜ' in expression or statement.
[2025-09-07 09:06:34] [INFO] Checking script: simple_evidence_scan.ps1
[2025-09-07 09:06:34] [INFO] Checking PowerShell syntax for: C:\Users\Muddm\Downloads\simple_evidence_scan.ps1
[2025-09-07 09:06:35] [SUCCESS] PowerShell syntax is valid for C:\Users\Muddm\Downloads\simple_evidence_scan.ps1
[2025-09-07 09:06:35] [INFO] Checking script: SIMPLE_EXTRACTION.ps1
[2025-09-07 09:06:35] [INFO] Checking PowerShell syntax for: C:\Users\Muddm\Downloads\SIMPLE_EXTRACTION.ps1
[2025-09-07 09:06:35] [SUCCESS] PowerShell syntax is valid for C:\Users\Muddm\Downloads\SIMPLE_EXTRACTION.ps1
[2025-09-07 09:06:35] [INFO] Checking script: Terminal_Error_Auto_Fixer.ps1
[2025-09-07 09:06:35] [INFO] Checking PowerShell syntax for: C:\Users\Muddm\Downloads\Terminal_Error_Auto_Fixer.ps1
[2025-09-07 09:06:35] [SUCCESS] PowerShell syntax is valid for C:\Users\Muddm\Downloads\Terminal_Error_Auto_Fixer.ps1
[2025-09-07 09:06:35] [INFO] Found Ollama dependency in Terminal_Error_Auto_Fixer.ps1
[2025-09-07 09:06:35] [INFO] Found API key handling in Terminal_Error_Auto_Fixer.ps1
[2025-09-07 09:06:35] [INFO] Checking script: WORKING_AUTOMATION.ps1
[2025-09-07 09:06:35] [INFO] Checking PowerShell syntax for: C:\Users\Muddm\Downloads\WORKING_AUTOMATION.ps1
[2025-09-07 09:06:35] [SUCCESS] PowerShell syntax is valid for C:\Users\Muddm\Downloads\WORKING_AUTOMATION.ps1
[2025-09-07 09:06:35] [INFO] Checking script: Activate.ps1
[2025-09-07 09:06:35] [INFO] Checking PowerShell syntax for: C:\Users\Muddm\Downloads\.venv\Scripts\Activate.ps1
[2025-09-07 09:06:35] [SUCCESS] PowerShell syntax is valid for C:\Users\Muddm\Downloads\.venv\Scripts\Activate.ps1
[2025-09-07 09:06:35] [INFO] Applying automatic fixes...
[2025-09-07 09:06:35] [INFO] Attempting to fix PowerShell syntax errors in C:\Users\Muddm\Downloads\COMPLETE_FINANCIAL_EXTRACTION.ps1
[2025-09-07 09:06:35] [INFO] Fixing unexpected token issue
[2025-09-07 09:06:35] [INFO] Fixing unexpected token issue
[2025-09-07 09:06:35] [INFO] Backed up COMPLETE_FINANCIAL_EXTRACTION.ps1 to C:\Users\Muddm\Downloads\terminal_fix_backups\COMPLETE_FINANCIAL_EXTRACTION.ps1.backup_20250907_090635
[2025-09-07 09:06:35] [SUCCESS] Applied syntax fixes to C:\Users\Muddm\Downloads\COMPLETE_FINANCIAL_EXTRACTION.ps1
[2025-09-07 09:06:35] [INFO] Checking PowerShell syntax for: C:\Users\Muddm\Downloads\COMPLETE_FINANCIAL_EXTRACTION.ps1
[2025-09-07 09:06:35] [WARNING] Found 5 syntax errors in C:\Users\Muddm\Downloads\COMPLETE_FINANCIAL_EXTRACTION.ps1
[2025-09-07 09:06:35] [ERROR] Line 33: Array index expression is missing or not valid.
[2025-09-07 09:06:35] [ERROR] Line 142: Unexpected token 'files' in expression or statement.
[2025-09-07 09:06:35] [ERROR] Line 142: Missing closing ')' in expression.
[2025-09-07 09:06:35] [ERROR] Line 142: Unexpected token ')' in expression or statement.
[2025-09-07 09:06:35] [ERROR] Line 142: The string is missing the terminator: ".
[2025-09-07 09:06:35] [WARNING] Some syntax errors remain - manual review needed
[2025-09-07 09:06:35] [INFO] Attempting to fix PowerShell syntax errors in C:\Users\Muddm\Downloads\COMPLETE_PROJECT_AUTOMATION.ps1
[2025-09-07 09:06:35] [INFO] Fixing unexpected token issue
[2025-09-07 09:06:35] [INFO] Fixing unexpected token issue
[2025-09-07 09:06:35] [INFO] Fixing unexpected token issue
[2025-09-07 09:06:35] [INFO] Fixing unexpected token issue
[2025-09-07 09:06:35] [INFO] Fixing unexpected token issue
[2025-09-07 09:06:35] [INFO] Fixing unexpected token issue
[2025-09-07 09:06:35] [INFO] Fixing unexpected token issue
[2025-09-07 09:06:35] [INFO] Fixing unexpected token issue
[2025-09-07 09:06:35] [INFO] Fixing unexpected token issue
[2025-09-07 09:06:36] [INFO] Fixing unexpected token issue
[2025-09-07 09:06:36] [INFO] Fixing unexpected token issue
[2025-09-07 09:06:36] [INFO] Fixing unexpected token issue
[2025-09-07 09:06:36] [INFO] Fixing unexpected token issue
[2025-09-07 09:06:36] [INFO] Fixing unexpected token issue
[2025-09-07 09:06:36] [INFO] Fixing unexpected token issue
[2025-09-07 09:06:36] [INFO] Fixing unexpected token issue
[2025-09-07 09:06:36] [INFO] Fixing unexpected token issue
[2025-09-07 09:06:36] [INFO] Fixing unexpected token issue
[2025-09-07 09:06:36] [INFO] Fixing unexpected token issue
[2025-09-07 09:06:36] [INFO] Fixing unexpected token issue
[2025-09-07 09:06:36] [INFO] Fixing unexpected token issue
[2025-09-07 09:06:36] [INFO] Fixing unexpected token issue
[2025-09-07 09:06:36] [INFO] Fixing unexpected token issue
[2025-09-07 09:06:36] [INFO] Fixing unexpected token issue
[2025-09-07 09:06:36] [INFO] Fixing unexpected token issue
[2025-09-07 09:06:36] [INFO] Fixing unexpected token issue
[2025-09-07 09:06:36] [INFO] Fixing unexpected token issue
[2025-09-07 09:06:36] [INFO] Fixing unexpected token issue
[2025-09-07 09:06:36] [INFO] Fixing unexpected token issue
[2025-09-07 09:06:36] [INFO] Fixing unexpected token issue
[2025-09-07 09:06:36] [INFO] Backed up COMPLETE_PROJECT_AUTOMATION.ps1 to C:\Users\Muddm\Downloads\terminal_fix_backups\COMPLETE_PROJECT_AUTOMATION.ps1.backup_20250907_090636
[2025-09-07 09:06:36] [SUCCESS] Applied syntax fixes to C:\Users\Muddm\Downloads\COMPLETE_PROJECT_AUTOMATION.ps1
[2025-09-07 09:06:36] [INFO] Checking PowerShell syntax for: C:\Users\Muddm\Downloads\COMPLETE_PROJECT_AUTOMATION.ps1
[2025-09-07 09:06:36] [WARNING] Found 81 syntax errors in C:\Users\Muddm\Downloads\COMPLETE_PROJECT_AUTOMATION.ps1
[2025-09-07 09:06:36] [ERROR] Line 90: Array index expression is missing or not valid.
[2025-09-07 09:06:36] [ERROR] Line 375: Missing expression after unary operator '-'.
[2025-09-07 09:06:36] [ERROR] Line 375: Unexpected token 'Professional' in expression or statement.
[2025-09-07 09:06:36] [ERROR] Line 376: Missing expression after unary operator '-'.
[2025-09-07 09:06:36] [ERROR] Line 376: Unexpected token 'Financial' in expression or statement.
[2025-09-07 09:06:36] [ERROR] Line 377: Missing expression after unary operator '-'.
[2025-09-07 09:06:36] [ERROR] Line 377: Unexpected token 'Evidence' in expression or statement.
[2025-09-07 09:06:36] [ERROR] Line 380: Missing expression after unary operator '-'.
[2025-09-07 09:06:36] [ERROR] Line 380: You must provide a value expression following the '*' operator.
[2025-09-07 09:06:36] [ERROR] Line 380: You must provide a value expression following the '*' operator.
[2025-09-07 09:06:36] [ERROR] Line 380: Unexpected token 'Criminal' in expression or statement.
[2025-09-07 09:06:36] [ERROR] Line 381: Missing expression after unary operator '-'.
[2025-09-07 09:06:36] [ERROR] Line 381: You must provide a value expression following the '*' operator.
[2025-09-07 09:06:36] [ERROR] Line 381: You must provide a value expression following the '*' operator.
[2025-09-07 09:06:36] [ERROR] Line 381: Unexpected token 'Civil' in expression or statement.
[2025-09-07 09:06:36] [ERROR] Line 382: Missing expression after unary operator '-'.
[2025-09-07 09:06:36] [ERROR] Line 382: You must provide a value expression following the '*' operator.
[2025-09-07 09:06:36] [ERROR] Line 382: You must provide a value expression following the '*' operator.
[2025-09-07 09:06:36] [ERROR] Line 382: Unexpected token 'Court' in expression or statement.
[2025-09-07 09:06:36] [ERROR] Line 387: Missing expression after unary operator '-'.
[2025-09-07 09:06:37] [ERROR] Line 387: Unexpected token 'Manual' in expression or statement.
[2025-09-07 09:06:37] [ERROR] Line 388: Missing expression after unary operator '-'.
[2025-09-07 09:06:37] [ERROR] Line 388: Unexpected token 'Unknown' in expression or statement.
[2025-09-07 09:06:37] [ERROR] Line 389: Missing expression after unary operator '-'.
[2025-09-07 09:06:37] [ERROR] Line 389: Unexpected token 'Time-intensive' in expression or statement.
[2025-09-07 09:06:37] [ERROR] Line 390: Missing expression after unary operator '-'.
[2025-09-07 09:06:37] [ERROR] Line 390: Unexpected token 'Uncertain' in expression or statement.
[2025-09-07 09:06:37] [ERROR] Line 393: Missing expression after unary operator '-'.
[2025-09-07 09:06:37] [ERROR] Line 393: Unexpected token 'Complete' in expression or statement.
[2025-09-07 09:06:37] [ERROR] Line 394: Missing expression after unary operator '-'.
[2025-09-07 09:06:37] [ERROR] Line 394: Unexpected token 'Quantified' in expression or statement.
[2025-09-07 09:06:37] [ERROR] Line 395: Missing expression after unary operator '-'.
[2025-09-07 09:06:37] [ERROR] Line 395: Unexpected token 'Organized' in expression or statement.
[2025-09-07 09:06:37] [ERROR] Line 396: Missing expression after unary operator '-'.
[2025-09-07 09:06:37] [ERROR] Line 396: Unexpected token 'Professional' in expression or statement.
[2025-09-07 09:06:37] [ERROR] Line 401: Missing expression after unary operator '-'.
[2025-09-07 09:06:37] [ERROR] Line 401: You must provide a value expression following the '*' operator.
[2025-09-07 09:06:37] [ERROR] Line 401: You must provide a value expression following the '*' operator.
[2025-09-07 09:06:37] [ERROR] Line 401: Unexpected token 'Conservative' in expression or statement.
[2025-09-07 09:06:37] [ERROR] Line 401: You must provide a value expression following the '%' operator.
[2025-09-07 09:06:37] [ERROR] Line 402: Missing expression after unary operator '-'.
[2025-09-07 09:06:37] [ERROR] Line 402: You must provide a value expression following the '*' operator.
[2025-09-07 09:06:37] [ERROR] Line 402: You must provide a value expression following the '*' operator.
[2025-09-07 09:06:37] [ERROR] Line 402: Unexpected token 'Moderate' in expression or statement.
[2025-09-07 09:06:37] [ERROR] Line 402: You must provide a value expression following the '%' operator.
[2025-09-07 09:06:37] [ERROR] Line 403: Missing expression after unary operator '-'.
[2025-09-07 09:06:37] [ERROR] Line 403: You must provide a value expression following the '*' operator.
[2025-09-07 09:06:37] [ERROR] Line 403: You must provide a value expression following the '*' operator.
[2025-09-07 09:06:37] [ERROR] Line 403: Unexpected token 'Aggressive' in expression or statement.
[2025-09-07 09:06:37] [ERROR] Line 403: You must provide a value expression following the '%' operator.
[2025-09-07 09:06:37] [ERROR] Line 406: Missing expression after unary operator '-'.
[2025-09-07 09:06:37] [ERROR] Line 406: You must provide a value expression following the '*' operator.
[2025-09-07 09:06:37] [ERROR] Line 406: You must provide a value expression following the '*' operator.
[2025-09-07 09:06:37] [ERROR] Line 406: Unexpected token 'Audio' in expression or statement.
[2025-09-07 09:06:37] [ERROR] Line 407: Missing expression after unary operator '-'.
[2025-09-07 09:06:37] [ERROR] Line 407: You must provide a value expression following the '*' operator.
[2025-09-07 09:06:37] [ERROR] Line 407: You must provide a value expression following the '*' operator.
[2025-09-07 09:06:37] [ERROR] Line 407: Unexpected token 'Video' in expression or statement.
[2025-09-07 09:06:37] [ERROR] Line 408: Missing expression after unary operator '-'.
[2025-09-07 09:06:37] [ERROR] Line 408: You must provide a value expression following the '*' operator.
[2025-09-07 09:06:37] [ERROR] Line 408: You must provide a value expression following the '*' operator.
[2025-09-07 09:06:37] [ERROR] Line 408: Unexpected token 'Documentation:**' in expression or statement.
[2025-09-07 09:06:37] [ERROR] Line 414: Missing expression after unary operator '-'.
[2025-09-07 09:06:37] [ERROR] Line 414: Unexpected token '01_FINANCIAL_ANALYSIS:' in expression or statement.
[2025-09-07 09:06:37] [ERROR] Line 415: Missing expression after unary operator '-'.
[2025-09-07 09:06:37] [ERROR] Line 415: Unexpected token '02_CRIMINAL_EVIDENCE:' in expression or statement.
[2025-09-07 09:06:37] [ERROR] Line 416: Missing expression after unary operator '-'.
[2025-09-07 09:06:37] [ERROR] Line 416: Unexpected token '03_CIVIL_LAWSUIT:' in expression or statement.
[2025-09-07 09:06:37] [ERROR] Line 417: Missing expression after unary operator '-'.
[2025-09-07 09:06:38] [ERROR] Line 417: Unexpected token '04_COURT_PREPARATION:' in expression or statement.
[2025-09-07 09:06:38] [ERROR] Line 418: Missing expression after unary operator '-'.
[2025-09-07 09:06:38] [ERROR] Line 418: Unexpected token '05_PROFESSIONAL_SERVICES:' in expression or statement.
[2025-09-07 09:06:38] [ERROR] Line 419: Missing expression after unary operator '-'.
[2025-09-07 09:06:38] [ERROR] Line 419: Unexpected token '06_AUTOMATED_REPORTS:' in expression or statement.
[2025-09-07 09:06:38] [ERROR] Line 420: Missing expression after unary operator '-'.
[2025-09-07 09:06:38] [ERROR] Line 420: Unexpected token '07_EVIDENCE_INVENTORY:' in expression or statement.
[2025-09-07 09:06:38] [ERROR] Line 421: Missing expression after unary operator '-'.
[2025-09-07 09:06:38] [ERROR] Line 421: Unexpected token '08_LEGAL_FILINGS:' in expression or statement.
[2025-09-07 09:06:38] [ERROR] Line 433: Unexpected token '$BaseDir\MASTER_AUTOMATION_SUMMARY.md" -Encoding UTF8

# Final completion message
Write-Host "===============================================" -ForegroundColor Yellow
Write-Host "üèÜ' in expression or statement.
[2025-09-07 09:06:38] [ERROR] Line 433: Unexpected token '\MASTER_AUTOMATION_SUMMARY.md" -Encoding UTF8

# Final completion message
Write-Host "===============================================" -ForegroundColor Yellow
Write-Host "üèÜ' in expression or statement.
[2025-09-07 09:06:38] [ERROR] Line 454: The string is missing the terminator: ".
[2025-09-07 09:06:38] [WARNING] Some syntax errors remain - manual review needed
[2025-09-07 09:06:38] [INFO] Attempting to fix PowerShell syntax errors in C:\Users\Muddm\Downloads\evidence_analysis_automation.ps1
[2025-09-07 09:06:38] [INFO] Fixing unexpected token issue
[2025-09-07 09:06:38] [INFO] Backed up evidence_analysis_automation.ps1 to C:\Users\Muddm\Downloads\terminal_fix_backups\evidence_analysis_automation.ps1.backup_20250907_090638
[2025-09-07 09:06:38] [SUCCESS] Applied syntax fixes to C:\Users\Muddm\Downloads\evidence_analysis_automation.ps1
[2025-09-07 09:06:38] [INFO] Checking PowerShell syntax for: C:\Users\Muddm\Downloads\evidence_analysis_automation.ps1
[2025-09-07 09:06:38] [WARNING] Found 2 syntax errors in C:\Users\Muddm\Downloads\evidence_analysis_automation.ps1
[2025-09-07 09:06:38] [ERROR] Line 37: Unexpected token '}' in expression or statement.
[2025-09-07 09:06:38] [ERROR] Line 313: The string is missing the terminator: ".
[2025-09-07 09:06:38] [WARNING] Some syntax errors remain - manual review needed
[2025-09-07 09:06:38] [INFO] Attempting to fix PowerShell syntax errors in C:\Users\Muddm\Downloads\EXECUTE_LEGAL_STRATEGY.ps1
[2025-09-07 09:06:38] [INFO] Fixing unexpected token issue
[2025-09-07 09:06:38] [INFO] Fixing unexpected token issue
[2025-09-07 09:06:38] [INFO] Fixing unexpected token issue
[2025-09-07 09:06:38] [INFO] Fixing unexpected token issue
[2025-09-07 09:06:38] [INFO] Fixing unexpected token issue
[2025-09-07 09:06:38] [INFO] Fixing unexpected token issue
[2025-09-07 09:06:38] [INFO] Fixing unexpected token issue
[2025-09-07 09:06:38] [INFO] Fixing unexpected token issue
[2025-09-07 09:06:38] [INFO] Fixing unexpected token issue
[2025-09-07 09:06:38] [INFO] Fixing unexpected token issue
[2025-09-07 09:06:38] [INFO] Fixing unexpected token issue
[2025-09-07 09:06:38] [INFO] Fixing unexpected token issue
[2025-09-07 09:06:38] [INFO] Fixing unexpected token issue
[2025-09-07 09:06:38] [INFO] Fixing unexpected token issue
[2025-09-07 09:06:38] [INFO] Fixing unexpected token issue
[2025-09-07 09:06:38] [INFO] Fixing unexpected token issue
[2025-09-07 09:06:38] [INFO] Fixing unexpected token issue
[2025-09-07 09:06:38] [INFO] Fixing unexpected token issue
[2025-09-07 09:06:38] [INFO] Fixing unexpected token issue
[2025-09-07 09:06:38] [INFO] Fixing unexpected token issue
[2025-09-07 09:06:38] [INFO] Fixing unexpected token issue
[2025-09-07 09:06:39] [INFO] Fixing unexpected token issue
[2025-09-07 09:06:39] [INFO] Fixing unexpected token issue
[2025-09-07 09:06:39] [INFO] Fixing unexpected token issue
[2025-09-07 09:06:39] [INFO] Fixing unexpected token issue
[2025-09-07 09:06:39] [INFO] Fixing unexpected token issue
[2025-09-07 09:06:39] [INFO] Fixing unexpected token issue
[2025-09-07 09:06:39] [INFO] Fixing unexpected token issue
[2025-09-07 09:06:39] [INFO] Fixing unexpected token issue
[2025-09-07 09:06:39] [INFO] Fixing unexpected token issue
[2025-09-07 09:06:39] [INFO] Fixing unexpected token issue
[2025-09-07 09:06:39] [INFO] Fixing unexpected token issue
[2025-09-07 09:06:39] [INFO] Fixing unexpected token issue
[2025-09-07 09:06:39] [INFO] Fixing unexpected token issue
[2025-09-07 09:06:39] [INFO] Fixing unexpected token issue
[2025-09-07 09:06:39] [INFO] Fixing unexpected token issue
[2025-09-07 09:06:39] [INFO] Fixing unexpected token issue
[2025-09-07 09:06:39] [INFO] Fixing unexpected token issue
[2025-09-07 09:06:39] [INFO] Fixing unexpected token issue
[2025-09-07 09:06:39] [INFO] Fixing unexpected token issue
[2025-09-07 09:06:39] [INFO] Fixing unexpected token issue
[2025-09-07 09:06:39] [INFO] Fixing unexpected token issue
[2025-09-07 09:06:39] [INFO] Fixing unexpected token issue
[2025-09-07 09:06:39] [INFO] Fixing unexpected token issue
[2025-09-07 09:06:39] [INFO] Fixing unexpected token issue
[2025-09-07 09:06:39] [INFO] Fixing unexpected token issue
[2025-09-07 09:06:39] [INFO] Fixing unexpected token issue
[2025-09-07 09:06:39] [INFO] Fixing unexpected token issue
[2025-09-07 09:06:39] [INFO] Fixing unexpected token issue
[2025-09-07 09:06:39] [INFO] Fixing unexpected token issue
[2025-09-07 09:06:39] [INFO] Fixing unexpected token issue
[2025-09-07 09:06:39] [INFO] Fixing unexpected token issue
[2025-09-07 09:06:39] [INFO] Fixing unexpected token issue
[2025-09-07 09:06:39] [INFO] Fixing unexpected token issue
[2025-09-07 09:06:39] [INFO] Fixing unexpected token issue
[2025-09-07 09:06:39] [INFO] Fixing unexpected token issue
[2025-09-07 09:06:39] [INFO] Fixing unexpected token issue
[2025-09-07 09:06:39] [INFO] Fixing unexpected token issue
[2025-09-07 09:06:39] [INFO] Fixing unexpected token issue
[2025-09-07 09:06:39] [INFO] Fixing unexpected token issue
[2025-09-07 09:06:39] [INFO] Fixing unexpected token issue
[2025-09-07 09:06:39] [INFO] Fixing unexpected token issue
[2025-09-07 09:06:39] [INFO] Fixing unexpected token issue
[2025-09-07 09:06:39] [INFO] Fixing unexpected token issue
[2025-09-07 09:06:39] [INFO] Fixing unexpected token issue
[2025-09-07 09:06:39] [INFO] Fixing unexpected token issue
[2025-09-07 09:06:40] [INFO] Fixing unexpected token issue
[2025-09-07 09:06:40] [INFO] Fixing unexpected token issue
[2025-09-07 09:06:40] [INFO] Fixing unexpected token issue
[2025-09-07 09:06:40] [INFO] Fixing unexpected token issue
[2025-09-07 09:06:40] [INFO] Fixing unexpected token issue
[2025-09-07 09:06:40] [INFO] Fixing unexpected token issue
[2025-09-07 09:06:40] [INFO] Fixing unexpected token issue
[2025-09-07 09:06:40] [INFO] Fixing unexpected token issue
[2025-09-07 09:06:40] [INFO] Fixing unexpected token issue
[2025-09-07 09:06:40] [INFO] Fixing unexpected token issue
[2025-09-07 09:06:40] [INFO] Fixing unexpected token issue
[2025-09-07 09:06:40] [INFO] Fixing unexpected token issue
[2025-09-07 09:06:40] [INFO] Fixing unexpected token issue
[2025-09-07 09:06:40] [INFO] Fixing unexpected token issue
[2025-09-07 09:06:40] [INFO] Fixing unexpected token issue
[2025-09-07 09:06:40] [INFO] Fixing unexpected token issue
[2025-09-07 09:06:40] [INFO] Fixing unexpected token issue
[2025-09-07 09:06:40] [INFO] Fixing unexpected token issue
[2025-09-07 09:06:40] [INFO] Fixing unexpected token issue
[2025-09-07 09:06:40] [INFO] Fixing unexpected token issue
[2025-09-07 09:06:40] [INFO] Fixing unexpected token issue
[2025-09-07 09:06:40] [INFO] Fixing unexpected token issue
[2025-09-07 09:06:40] [INFO] Fixing unexpected token issue
[2025-09-07 09:06:40] [INFO] Fixing unexpected token issue
[2025-09-07 09:06:40] [INFO] Fixing unexpected token issue
[2025-09-07 09:06:40] [INFO] Fixing unexpected token issue
[2025-09-07 09:06:40] [INFO] Fixing unexpected token issue
[2025-09-07 09:06:40] [INFO] Fixing unexpected token issue
[2025-09-07 09:06:40] [INFO] Fixing unexpected token issue
[2025-09-07 09:06:40] [INFO] Fixing unexpected token issue
[2025-09-07 09:06:40] [INFO] Fixing unexpected token issue
[2025-09-07 09:06:40] [INFO] Fixing unexpected token issue
[2025-09-07 09:06:40] [INFO] Fixing unexpected token issue
[2025-09-07 09:06:40] [INFO] Fixing unexpected token issue
[2025-09-07 09:06:40] [INFO] Fixing unexpected token issue
[2025-09-07 09:06:40] [INFO] Fixing unexpected token issue
[2025-09-07 09:06:40] [INFO] Fixing unexpected token issue
[2025-09-07 09:06:40] [INFO] Fixing unexpected token issue
[2025-09-07 09:06:40] [INFO] Fixing unexpected token issue
[2025-09-07 09:06:40] [INFO] Fixing unexpected token issue
[2025-09-07 09:06:40] [INFO] Fixing unexpected token issue
[2025-09-07 09:06:40] [INFO] Fixing unexpected token issue
[2025-09-07 09:06:40] [INFO] Fixing unexpected token issue
[2025-09-07 09:06:40] [INFO] Fixing unexpected token issue
[2025-09-07 09:06:40] [INFO] Fixing unexpected token issue
[2025-09-07 09:06:40] [INFO] Fixing unexpected token issue
[2025-09-07 09:06:40] [INFO] Fixing unexpected token issue
[2025-09-07 09:06:40] [INFO] Fixing unexpected token issue
[2025-09-07 09:06:40] [INFO] Fixing unexpected token issue
[2025-09-07 09:06:40] [INFO] Fixing unexpected token issue
[2025-09-07 09:06:40] [INFO] Fixing unexpected token issue
[2025-09-07 09:06:40] [INFO] Fixing unexpected token issue
[2025-09-07 09:06:40] [INFO] Fixing unexpected token issue
[2025-09-07 09:06:40] [INFO] Fixing unexpected token issue
[2025-09-07 09:06:40] [INFO] Fixing unexpected token issue
[2025-09-07 09:06:40] [INFO] Fixing unexpected token issue
[2025-09-07 09:06:40] [INFO] Fixing unexpected token issue
[2025-09-07 09:06:40] [INFO] Fixing unexpected token issue
[2025-09-07 09:06:40] [INFO] Fixing unexpected token issue
[2025-09-07 09:06:40] [INFO] Fixing unexpected token issue
[2025-09-07 09:06:40] [INFO] Fixing unexpected token issue
[2025-09-07 09:06:40] [INFO] Backed up EXECUTE_LEGAL_STRATEGY.ps1 to C:\Users\Muddm\Downloads\terminal_fix_backups\EXECUTE_LEGAL_STRATEGY.ps1.backup_20250907_090640
[2025-09-07 09:06:41] [SUCCESS] Applied syntax fixes to C:\Users\Muddm\Downloads\EXECUTE_LEGAL_STRATEGY.ps1
[2025-09-07 09:06:41] [INFO] Checking PowerShell syntax for: C:\Users\Muddm\Downloads\EXECUTE_LEGAL_STRATEGY.ps1
[2025-09-07 09:06:41] [WARNING] Found 149 syntax errors in C:\Users\Muddm\Downloads\EXECUTE_LEGAL_STRATEGY.ps1
[2025-09-07 09:06:41] [ERROR] Line 255: Missing argument in parameter list.
[2025-09-07 09:06:41] [ERROR] Line 257: Missing closing ')' in expression.
[2025-09-07 09:06:41] [ERROR] Line 261: Unexpected token ')' in expression or statement.
[2025-09-07 09:06:41] [ERROR] Line 269: Unexpected token 'Plaintiff' in expression or statement.
[2025-09-07 09:06:41] [ERROR] Line 271: Unexpected token 'Defendant' in expression or statement.
[2025-09-07 09:06:41] [ERROR] Line 273: Unexpected token 'This' in expression or statement.
[2025-09-07 09:06:41] [ERROR] Line 275: Unexpected token 'Venue' in expression or statement.
[2025-09-07 09:06:41] [ERROR] Line 279: Unexpected token 'From' in expression or statement.
[2025-09-07 09:06:41] [ERROR] Line 279: The 'from' keyword is not supported in this version of the language.
[2025-09-07 09:06:41] [ERROR] Line 281: Unexpected token 'During' in expression or statement.
[2025-09-07 09:06:41] [ERROR] Line 283: Unexpected token 'The' in expression or statement.
[2025-09-07 09:06:41] [ERROR] Line 285: Unexpected token 'Beginning' in expression or statement.
[2025-09-07 09:06:41] [ERROR] Line 291: Unexpected token 'The' in expression or statement.
[2025-09-07 09:06:41] [ERROR] Line 294: Unexpected token ')' in expression or statement.
[2025-09-07 09:06:41] [ERROR] Line 295: Unexpected token ')' in expression or statement.
[2025-09-07 09:06:41] [ERROR] Line 296: Unexpected token ')' in expression or statement.
[2025-09-07 09:06:41] [ERROR] Line 298: Unexpected token 'Plaintiff' in expression or statement.
[2025-09-07 09:06:41] [ERROR] Line 302: Unexpected token 'Defendant' in expression or statement.
[2025-09-07 09:06:41] [ERROR] Line 306: Unexpected token 'Plaintiff' in expression or statement.
[2025-09-07 09:06:41] [ERROR] Line 310: Unexpected token 'Defendant's conduct was extreme, outrageous, and beyond the bounds of human decency.

5.2 Audio recordings document systematic psychological abuse campaign.

5.3 Plaintiff has suffered severe emotional distress as evidenced by documented psychological transformation.

5.4 Plaintiff seeks compensatory damages of $500,000-$1,000,000.

COUNT IV - THEFT/CONVERSION

6.1 Defendant unlawfully converted $580,000+ in business assets and corporate resources.

6.2 Defendant exploited corporate officer position for personal financial gain.

6.3 Treble damages are available under Washington law totaling $1,740,000.

COUNT V - STALKING CIVIL DAMAGES

7.1 Screen recordings document obsessive digital surveillance constituting civil stalking.

7.2 Pattern of unwanted contact and location tracking violates privacy rights.

7.3 Plaintiff seeks civil damages for invasion of privacy and emotional distress totaling $100,000-$500,000.

IV. PRAYER FOR RELIEF

WHEREFORE, Plaintiff respectfully requests this Court:

A. Award compensatory damages in excess of $2,000,000;
B. Award treble damages on theft claims totaling $1,740,000;
C. Award punitive damages of $1,000,000;
D. Award medical privacy violation penalties totaling $100,000;
E. Award attorney fees and costs;
F. Enter permanent injunctive relief prohibiting further harassment;
G. Order asset preservation and accounting;
H. Grant such other relief as this Court deems just and proper.

DATED this 8th day of September, 2025.

                                    _____________________________
                                    William Orley Miller Jr.
                                    Pro Se Plaintiff
                                    [Your Address]
                                    [Your Phone]
                                    [Your Email]

STATE OF WASHINGTON  )
                     ) ss.
COUNTY OF SNOHOMISH  )

I, William Orley Miller Jr., declare under penalty of perjury under the laws of the State of Washington that the foregoing is true and correct.

DATED this 8th day of September, 2025.

                                    _____________________________
                                    William Orley Miller Jr.
"@

$CivilLawsuitPath = "$FilingsDir\CIVIL_LAWSUIT_COMPLAINT.txt"
$CivilLawsuit | Out-File -FilePath $CivilLawsuitPath -Encoding UTF8

Write-Host "‚úì Civil lawsuit complaint created: $CivilLawsuitPath" -ForegroundColor Blue

# PHASE 3: COURT PREPARATION
Write-Host "üèõÔ∏è PHASE 3: COURT PREPARATION" -ForegroundColor Magenta

# Court Exhibit List
$ExhibitList = @"
EXHIBIT LIST - OCTOBER 10, 2025 HEARING
MILLER v. BRIGHTWELL - CIR PROPERTY RECOVERY CASE

PLAINTIFF'S' in expression or statement.
[2025-09-07 09:06:41] [ERROR] Line 384: Unexpected token '-A' in expression or statement.
[2025-09-07 09:06:41] [ERROR] Line 384: Unexpected token ':' in expression or statement.
[2025-09-07 09:06:41] [ERROR] Line 385: Unexpected token '-B' in expression or statement.
[2025-09-07 09:06:41] [ERROR] Line 385: Unexpected token ':' in expression or statement.
[2025-09-07 09:06:41] [ERROR] Line 386: Unexpected token '-C' in expression or statement.
[2025-09-07 09:06:41] [ERROR] Line 386: Unexpected token ':' in expression or statement.
[2025-09-07 09:06:41] [ERROR] Line 387: Unexpected token '-D' in expression or statement.
[2025-09-07 09:06:41] [ERROR] Line 387: Unexpected token ':' in expression or statement.
[2025-09-07 09:06:41] [ERROR] Line 388: Unexpected token '-E' in expression or statement.
[2025-09-07 09:06:41] [ERROR] Line 388: Unexpected token ':' in expression or statement.
[2025-09-07 09:06:41] [ERROR] Line 391: Unexpected token '-A' in expression or statement.
[2025-09-07 09:06:41] [ERROR] Line 391: Unexpected token ':' in expression or statement.
[2025-09-07 09:06:41] [ERROR] Line 392: Unexpected token '-B' in expression or statement.
[2025-09-07 09:06:41] [ERROR] Line 392: Unexpected token ':' in expression or statement.
[2025-09-07 09:06:41] [ERROR] Line 392: Unexpected token 'documents' in expression or statement.
[2025-09-07 09:06:41] [ERROR] Line 392: Missing closing ')' in expression.
[2025-09-07 09:06:41] [ERROR] Line 392: Unexpected token ')' in expression or statement.
[2025-09-07 09:06:41] [ERROR] Line 393: Unexpected token '-C' in expression or statement.
[2025-09-07 09:06:41] [ERROR] Line 393: Unexpected token ':' in expression or statement.
[2025-09-07 09:06:41] [ERROR] Line 394: Unexpected token '-D' in expression or statement.
[2025-09-07 09:06:41] [ERROR] Line 394: Unexpected token ':' in expression or statement.
[2025-09-07 09:06:41] [ERROR] Line 394: Unexpected token 'total' in expression or statement.
[2025-09-07 09:06:41] [ERROR] Line 394: Missing closing ')' in expression.
[2025-09-07 09:06:41] [ERROR] Line 394: Unexpected token ')' in expression or statement.
[2025-09-07 09:06:41] [ERROR] Line 395: Unexpected token '-E' in expression or statement.
[2025-09-07 09:06:41] [ERROR] Line 395: Unexpected token ':' in expression or statement.
[2025-09-07 09:06:41] [ERROR] Line 395: Unexpected token 'verified' in expression or statement.
[2025-09-07 09:06:42] [ERROR] Line 395: Missing closing ')' in expression.
[2025-09-07 09:06:42] [ERROR] Line 395: Unexpected token ')' in expression or statement.
[2025-09-07 09:06:42] [ERROR] Line 396: You must provide a value expression following the '-F' operator.
[2025-09-07 09:06:42] [ERROR] Line 396: Unexpected token ':' in expression or statement.
[2025-09-07 09:06:42] [ERROR] Line 396: You must provide a value expression following the '+' operator.
[2025-09-07 09:06:42] [ERROR] Line 399: Unexpected token '-A' in expression or statement.
[2025-09-07 09:06:42] [ERROR] Line 399: Unexpected token ':' in expression or statement.
[2025-09-07 09:06:42] [ERROR] Line 400: Unexpected token '-B' in expression or statement.
[2025-09-07 09:06:42] [ERROR] Line 400: Unexpected token ':' in expression or statement.
[2025-09-07 09:06:42] [ERROR] Line 400: Unexpected token 'over' in expression or statement.
[2025-09-07 09:06:42] [ERROR] Line 400: Missing closing ')' in expression.
[2025-09-07 09:06:42] [ERROR] Line 400: Unexpected token ')' in expression or statement.
[2025-09-07 09:06:42] [ERROR] Line 401: Unexpected token '-C' in expression or statement.
[2025-09-07 09:06:42] [ERROR] Line 401: Unexpected token ':' in expression or statement.
[2025-09-07 09:06:42] [ERROR] Line 402: Unexpected token '-D' in expression or statement.
[2025-09-07 09:06:42] [ERROR] Line 402: Unexpected token ':' in expression or statement.
[2025-09-07 09:06:42] [ERROR] Line 403: Unexpected token '-E' in expression or statement.
[2025-09-07 09:06:42] [ERROR] Line 403: Unexpected token ':' in expression or statement.
[2025-09-07 09:06:42] [ERROR] Line 406: Unexpected token '-A' in expression or statement.
[2025-09-07 09:06:42] [ERROR] Line 406: Unexpected token ':' in expression or statement.
[2025-09-07 09:06:42] [ERROR] Line 407: Unexpected token '-B' in expression or statement.
[2025-09-07 09:06:42] [ERROR] Line 407: Unexpected token ':' in expression or statement.
[2025-09-07 09:06:42] [ERROR] Line 408: Unexpected token '-C' in expression or statement.
[2025-09-07 09:06:42] [ERROR] Line 408: Unexpected token ':' in expression or statement.
[2025-09-07 09:06:42] [ERROR] Line 409: Unexpected token '-D' in expression or statement.
[2025-09-07 09:06:42] [ERROR] Line 409: Unexpected token ':' in expression or statement.
[2025-09-07 09:06:42] [ERROR] Line 412: Unexpected token '-A' in expression or statement.
[2025-09-07 09:06:42] [ERROR] Line 412: Unexpected token ':' in expression or statement.
[2025-09-07 09:06:42] [ERROR] Line 413: Unexpected token '-B' in expression or statement.
[2025-09-07 09:06:42] [ERROR] Line 413: Unexpected token ':' in expression or statement.
[2025-09-07 09:06:42] [ERROR] Line 414: Unexpected token '-C' in expression or statement.
[2025-09-07 09:06:42] [ERROR] Line 414: Unexpected token ':' in expression or statement.
[2025-09-07 09:06:42] [ERROR] Line 415: Unexpected token '-D' in expression or statement.
[2025-09-07 09:06:42] [ERROR] Line 415: Unexpected token ':' in expression or statement.
[2025-09-07 09:06:42] [ERROR] Line 416: Unexpected token '-E' in expression or statement.
[2025-09-07 09:06:42] [ERROR] Line 416: Unexpected token ':' in expression or statement.
[2025-09-07 09:06:42] [ERROR] Line 419: Unexpected token '-A' in expression or statement.
[2025-09-07 09:06:42] [ERROR] Line 419: Unexpected token ':' in expression or statement.
[2025-09-07 09:06:42] [ERROR] Line 420: Unexpected token '-B' in expression or statement.
[2025-09-07 09:06:42] [ERROR] Line 420: Unexpected token ':' in expression or statement.
[2025-09-07 09:06:42] [ERROR] Line 421: Unexpected token '-C' in expression or statement.
[2025-09-07 09:06:42] [ERROR] Line 421: Unexpected token ':' in expression or statement.
[2025-09-07 09:06:42] [ERROR] Line 422: Unexpected token '-D' in expression or statement.
[2025-09-07 09:06:42] [ERROR] Line 422: Unexpected token ':' in expression or statement.
[2025-09-07 09:06:42] [ERROR] Line 425: Unexpected token '-A' in expression or statement.
[2025-09-07 09:06:42] [ERROR] Line 425: Unexpected token ':' in expression or statement.
[2025-09-07 09:06:42] [ERROR] Line 425: Unexpected token 'vs' in expression or statement.
[2025-09-07 09:06:42] [ERROR] Line 425: Missing closing ')' in expression.
[2025-09-07 09:06:42] [ERROR] Line 425: Unexpected token ')' in expression or statement.
[2025-09-07 09:06:42] [ERROR] Line 426: Unexpected token '-B' in expression or statement.
[2025-09-07 09:06:42] [ERROR] Line 426: Unexpected token ':' in expression or statement.
[2025-09-07 09:06:42] [ERROR] Line 426: Unexpected token 'pages' in expression or statement.
[2025-09-07 09:06:42] [ERROR] Line 426: Missing closing ')' in expression.
[2025-09-07 09:06:42] [ERROR] Line 426: Unexpected token ')' in expression or statement.
[2025-09-07 09:06:42] [ERROR] Line 427: Unexpected token '-C' in expression or statement.
[2025-09-07 09:06:42] [ERROR] Line 427: Unexpected token ':' in expression or statement.
[2025-09-07 09:06:43] [ERROR] Line 428: Unexpected token '-D' in expression or statement.
[2025-09-07 09:06:43] [ERROR] Line 428: Unexpected token ':' in expression or statement.
[2025-09-07 09:06:43] [ERROR] Line 431: Unexpected token '-A' in expression or statement.
[2025-09-07 09:06:43] [ERROR] Line 431: Unexpected token ':' in expression or statement.
[2025-09-07 09:06:43] [ERROR] Line 432: Unexpected token '-B' in expression or statement.
[2025-09-07 09:06:43] [ERROR] Line 432: Unexpected token ':' in expression or statement.
[2025-09-07 09:06:43] [ERROR] Line 433: Unexpected token '-C' in expression or statement.
[2025-09-07 09:06:43] [ERROR] Line 433: Unexpected token ':' in expression or statement.
[2025-09-07 09:06:43] [ERROR] Line 436: Unexpected token '-A' in expression or statement.
[2025-09-07 09:06:43] [ERROR] Line 436: Unexpected token ':' in expression or statement.
[2025-09-07 09:06:43] [ERROR] Line 437: Unexpected token '-B' in expression or statement.
[2025-09-07 09:06:43] [ERROR] Line 437: Unexpected token ':' in expression or statement.
[2025-09-07 09:06:43] [ERROR] Line 438: Unexpected token '-C' in expression or statement.
[2025-09-07 09:06:43] [ERROR] Line 438: Unexpected token ':' in expression or statement.
[2025-09-07 09:06:43] [ERROR] Line 439: Unexpected token '-D' in expression or statement.
[2025-09-07 09:06:43] [ERROR] Line 439: Unexpected token ':' in expression or statement.
[2025-09-07 09:06:43] [ERROR] Line 442: Unexpected token '-A' in expression or statement.
[2025-09-07 09:06:43] [ERROR] Line 442: Unexpected token ':' in expression or statement.
[2025-09-07 09:06:43] [ERROR] Line 443: Unexpected token '-B' in expression or statement.
[2025-09-07 09:06:43] [ERROR] Line 443: Unexpected token ':' in expression or statement.
[2025-09-07 09:06:43] [ERROR] Line 444: Unexpected token '-C' in expression or statement.
[2025-09-07 09:06:43] [ERROR] Line 444: Unexpected token ':' in expression or statement.
[2025-09-07 09:06:43] [ERROR] Line 445: Unexpected token '-D' in expression or statement.
[2025-09-07 09:06:43] [ERROR] Line 445: Unexpected token ':' in expression or statement.
[2025-09-07 09:06:43] [ERROR] Line 452: Unexpected token '$DocumentsDir\COURT_EXHIBIT_LIST.txt"
$ExhibitList | Out-File -FilePath $ExhibitListPath -Encoding UTF8

Write-Host "‚úì Court exhibit list created: $ExhibitListPath"' in expression or statement.
[2025-09-07 09:06:43] [ERROR] Line 452: Unexpected token '\COURT_EXHIBIT_LIST.txt"
$ExhibitList | Out-File -FilePath $ExhibitListPath -Encoding UTF8

Write-Host "‚úì Court exhibit list created: $ExhibitListPath"' in expression or statement.
[2025-09-07 09:06:43] [ERROR] Line 603: Missing argument in parameter list.
[2025-09-07 09:06:43] [ERROR] Line 610: Missing argument in parameter list.
[2025-09-07 09:06:43] [ERROR] Line 616: Missing argument in parameter list.
[2025-09-07 09:06:43] [ERROR] Line 622: Missing argument in parameter list.
[2025-09-07 09:06:43] [ERROR] Line 623: Unexpected token '-hour' in expression or statement.
[2025-09-07 09:06:43] [ERROR] Line 623: Unexpected token 'service' in expression or statement.
[2025-09-07 09:06:43] [ERROR] Line 623: Missing closing ')' in expression.
[2025-09-07 09:06:43] [ERROR] Line 623: Unexpected token ')' in expression or statement.
[2025-09-07 09:06:43] [ERROR] Line 628: Missing argument in parameter list.
[2025-09-07 09:06:43] [ERROR] Line 674: Missing expression after unary operator '-'.
[2025-09-07 09:06:43] [ERROR] Line 674: Unexpected token 'October' in expression or statement.
[2025-09-07 09:06:43] [ERROR] Line 675: Missing expression after unary operator '-'.
[2025-09-07 09:06:43] [ERROR] Line 675: Unexpected token 'October' in expression or statement.
[2025-09-07 09:06:43] [ERROR] Line 676: Missing expression after unary operator '-'.
[2025-09-07 09:06:43] [ERROR] Line 676: Unexpected token 'September' in expression or statement.
[2025-09-07 09:06:43] [ERROR] Line 677: Missing expression after unary operator '-'.
[2025-09-07 09:06:43] [ERROR] Line 677: Unexpected token 'September' in expression or statement.
[2025-09-07 09:06:43] [ERROR] Line 683: Unexpected token '$DocumentsDir\EXECUTION_TIMELINE.txt"
$ExecutionTimeline | Out-File -FilePath $TimelinePath -Encoding UTF8

Write-Host "‚úì Execution timeline created: $TimelinePath"' in expression or statement.
[2025-09-07 09:06:43] [ERROR] Line 683: Unexpected token '\EXECUTION_TIMELINE.txt"
$ExecutionTimeline | Out-File -FilePath $TimelinePath -Encoding UTF8

Write-Host "‚úì Execution timeline created: $TimelinePath"' in expression or statement.
[2025-09-07 09:06:43] [ERROR] Line 748: The string is missing the terminator: ".
[2025-09-07 09:06:43] [WARNING] Some syntax errors remain - manual review needed
[2025-09-07 09:06:43] [INFO] Attempting to fix PowerShell syntax errors in C:\Users\Muddm\Downloads\quick_evidence_scan.ps1
[2025-09-07 09:06:43] [WARNING] No automatic fixes available for these errors
[2025-09-07 09:06:43] [INFO] Attempting to fix PowerShell syntax errors in C:\Users\Muddm\Downloads\SEARCH_THREE_DRIVES.ps1
[2025-09-07 09:06:44] [WARNING] No automatic fixes available for these errors
[2025-09-07 09:06:44] [INFO] Attempting to fix PowerShell syntax errors in C:\Users\Muddm\Downloads\SIMPLE_AUTOMATION.ps1
[2025-09-07 09:06:44] [INFO] Fixing unexpected token issue
[2025-09-07 09:06:44] [INFO] Fixing unexpected token issue
[2025-09-07 09:06:44] [INFO] Backed up SIMPLE_AUTOMATION.ps1 to C:\Users\Muddm\Downloads\terminal_fix_backups\SIMPLE_AUTOMATION.ps1.backup_20250907_090644
[2025-09-07 09:06:44] [SUCCESS] Applied syntax fixes to C:\Users\Muddm\Downloads\SIMPLE_AUTOMATION.ps1
[2025-09-07 09:06:44] [INFO] Checking PowerShell syntax for: C:\Users\Muddm\Downloads\SIMPLE_AUTOMATION.ps1
[2025-09-07 09:06:44] [WARNING] Found 2 syntax errors in C:\Users\Muddm\Downloads\SIMPLE_AUTOMATION.ps1
[2025-09-07 09:06:44] [ERROR] Line 91: Unexpected token '$OutputDir\DISCOVERY_SUMMARY.txt" -Encoding UTF8

Write-Host "========================================" -ForegroundColor Yellow
Write-Host "üèÜ' in expression or statement.
[2025-09-07 09:06:44] [ERROR] Line 91: Unexpected token '\DISCOVERY_SUMMARY.txt" -Encoding UTF8

Write-Host "========================================" -ForegroundColor Yellow
Write-Host "üèÜ' in expression or statement.
[2025-09-07 09:06:44] [WARNING] Some syntax errors remain - manual review needed
[2025-09-07 09:06:44] [INFO] Analyzing runtime errors for automatic fixes...
[2025-09-07 09:06:44] [SUCCESS] Fix report saved to: C:\Users\Muddm\Downloads\TERMINAL_FIX_REPORT.md
[2025-09-07 09:06:44] [INFO] === TERMINAL ERROR AUTO-FIXER COMPLETE ===
[2025-09-07 09:06:44] [INFO] Check C:\Users\Muddm\Downloads\TERMINAL_FIX_REPORT.md for detailed results
[2025-09-07 09:06:44] [INFO] Results folder opened automatically
